<?xml version="1.0" encoding="utf-8"?><testsuites name="pytest tests"><testsuite name="pytest" errors="0" failures="0" skipped="0" tests="32" time="1.544" timestamp="2026-04-09T21:00:58.553232+00:00" hostname="agent-env-9b6827d4-c718-40eb-a888-f3975238b6c6"><testcase classname="backend.tests.test_iteration39_refactor.TestHealthAndBasicEndpoints" name="test_health_endpoint" time="0.135" /><testcase classname="backend.tests.test_iteration39_refactor.TestHealthAndBasicEndpoints" name="test_providers_endpoint" time="0.115" /><testcase classname="backend.tests.test_iteration39_refactor.TestHealthAndBasicEndpoints" name="test_api_keys_endpoint" time="0.109" /><testcase classname="backend.tests.test_iteration39_refactor.TestCompressionStats" name="test_compression_stats_endpoint" time="0.125" /><testcase classname="backend.tests.test_iteration39_refactor.TestSessionManagement" name="test_sessions_list" time="0.171" /><testcase classname="backend.tests.test_iteration39_refactor.TestSessionManagement" name="test_create_session" time="0.217" /><testcase classname="backend.tests.test_iteration39_refactor.TestProjectsAndTimesheets" name="test_projects_endpoint" time="0.122" /><testcase classname="backend.tests.test_iteration39_refactor.TestProjectsAndTimesheets" name="test_timesheets_endpoint" time="0.113" /><testcase classname="backend.tests.test_iteration39_refactor.TestToolRegistry" name="test_tool_registry_count" time="0.062" /><testcase classname="backend.tests.test_iteration39_refactor.TestToolRegistry" name="test_tool_handlers_are_callable" time="0.000" /><testcase classname="backend.tests.test_iteration39_refactor.TestExecuteToolDispatcher" name="test_execute_tool_imports_from_kairos_tools" time="0.000" /><testcase classname="backend.tests.test_iteration39_refactor.TestExecuteToolDispatcher" name="test_execute_tool_uses_registry" time="0.000" /><testcase classname="backend.tests.test_iteration39_refactor.TestDirectAccessEndpoints" name="test_coding_files_endpoint" time="0.128" /><testcase classname="backend.tests.test_iteration39_refactor.TestDirectAccessEndpoints" name="test_coding_read_file_endpoint" time="0.114" /><testcase classname="backend.tests.compression_benchmark.TestCompressionQuality" name="test_original_prompt_has_critical_patterns" time="0.001" /><testcase classname="backend.tests.compression_benchmark.TestCompressionQuality" name="test_groq_compression_fits_limit" time="0.004" /><testcase classname="backend.tests.compression_benchmark.TestCompressionQuality" name="test_cerebras_compression_fits_limit" time="0.002" /><testcase classname="backend.tests.compression_benchmark.TestCompressionQuality" name="test_huggingface_compression_fits_limit" time="0.002" /><testcase classname="backend.tests.compression_benchmark.TestCompressionQuality" name="test_groq_preserves_identity" time="0.002" /><testcase classname="backend.tests.compression_benchmark.TestCompressionQuality" name="test_groq_preserves_tool_format" time="0.002" /><testcase classname="backend.tests.compression_benchmark.TestCompressionQuality" name="test_groq_preserves_core_tool_names" time="0.002" /><testcase classname="backend.tests.compression_benchmark.TestCompressionQuality" name="test_cerebras_preserves_all_critical" time="0.002" /><testcase classname="backend.tests.compression_benchmark.TestCompressionQuality" name="test_compression_ratio_reasonable" time="0.002" /><testcase classname="backend.tests.compression_benchmark.TestCompressionQuality" name="test_no_data_corruption" time="0.007" /><testcase classname="backend.tests.compression_benchmark.TestCompressionQuality" name="test_caching_works" time="0.002" /><testcase classname="backend.tests.compression_benchmark.TestCompressionQuality" name="test_stats_endpoint_accuracy" time="0.002" /><testcase classname="backend.tests.compression_benchmark.TestCompressionEdgeCases" name="test_short_prompt_passthrough" time="0.000" /><testcase classname="backend.tests.compression_benchmark.TestCompressionEdgeCases" name="test_empty_prompt" time="0.000" /><testcase classname="backend.tests.compression_benchmark.TestCompressionEdgeCases" name="test_extreme_compression" time="0.002" /><testcase classname="backend.tests.compression_benchmark.TestCompressionEdgeCases" name="test_unicode_safe" time="0.002" /><testcase classname="backend.tests.compression_benchmark.TestCompressionBenchmark" name="test_compression_speed" time="0.007" /><testcase classname="backend.tests.compression_benchmark.TestCompressionBenchmark" name="test_all_tiers_summary" time="0.007" /></testsuite></testsuites>