<?xml version="1.0" encoding="utf-8"?><testsuites name="pytest tests"><testsuite name="pytest" errors="0" failures="1" skipped="0" tests="19" time="7.893" timestamp="2026-04-07T06:41:19.757980+00:00" hostname="agent-env-9b6827d4-c718-40eb-a888-f3975238b6c6"><testcase classname="backend.tests.test_iteration33_auth_rbac.TestAuthLogin" name="test_login_creator_success" time="0.492" /><testcase classname="backend.tests.test_iteration33_auth_rbac.TestAuthLogin" name="test_login_wrong_password" time="0.325" /><testcase classname="backend.tests.test_iteration33_auth_rbac.TestAuthLogin" name="test_login_missing_credentials" time="0.106" /><testcase classname="backend.tests.test_iteration33_auth_rbac.TestAuthLogin" name="test_login_nonexistent_user" time="0.118" /><testcase classname="backend.tests.test_iteration33_auth_rbac.TestAuthMe" name="test_me_with_valid_token" time="0.425" /><testcase classname="backend.tests.test_iteration33_auth_rbac.TestAuthMe" name="test_me_without_token" time="0.163" /><testcase classname="backend.tests.test_iteration33_auth_rbac.TestAuthMe" name="test_me_with_invalid_token" time="0.138" /><testcase classname="backend.tests.test_iteration33_auth_rbac.TestAuthRegister" name="test_register_new_user_viewer_role" time="0.322" /><testcase classname="backend.tests.test_iteration33_auth_rbac.TestAuthRegister" name="test_register_with_creator_role_forbidden" time="0.113" /><testcase classname="backend.tests.test_iteration33_auth_rbac.TestAuthRegister" name="test_register_short_password" time="0.101" /><testcase classname="backend.tests.test_iteration33_auth_rbac.TestAuthRoles" name="test_get_roles" time="0.102" /><testcase classname="backend.tests.test_iteration33_auth_rbac.TestUserManagement" name="test_list_users_with_creator_token" time="0.458" /><testcase classname="backend.tests.test_iteration33_auth_rbac.TestUserManagement" name="test_list_users_without_token" time="0.093" /><testcase classname="backend.tests.test_iteration33_auth_rbac.TestUserManagement" name="test_create_user_with_admin_token" time="0.653" /><testcase classname="backend.tests.test_iteration33_auth_rbac.TestUserManagement" name="test_update_user_role" time="0.785" /><testcase classname="backend.tests.test_iteration33_auth_rbac.TestUserManagement" name="test_delete_creator_forbidden" time="0.517" /><testcase classname="backend.tests.test_iteration33_auth_rbac.TestAuthLogout" name="test_logout_clears_cookies" time="0.100" /><testcase classname="backend.tests.test_iteration33_auth_rbac.TestBruteForceProtection" name="test_brute_force_lockout" time="2.295"><failure message="AssertionError: Expected 429 (locked), got 401&#10;assert 401 == 429&#10; +  where 401 = &lt;Response [401]&gt;.status_code">backend/tests/test_iteration33_auth_rbac.py:330: in test_brute_force_lockout
    assert response.status_code == 429, f"Expected 429 (locked), got {response.status_code}"
E   AssertionError: Expected 429 (locked), got 401
E   assert 401 == 429
E    +  where 401 = &lt;Response [401]&gt;.status_code</failure></testcase><testcase classname="backend.tests.test_iteration33_auth_rbac.TestRoleBasedAccess" name="test_viewer_cannot_access_user_management" time="0.437" /></testsuite></testsuites>