<?xml version="1.0" encoding="utf-8"?><testsuites name="pytest tests"><testsuite name="pytest" errors="0" failures="0" skipped="0" tests="28" time="3.487" timestamp="2026-04-06T09:44:59.122869+00:00" hostname="agent-env-9b6827d4-c718-40eb-a888-f3975238b6c6"><testcase classname="backend.tests.test_polymerx_data.TestAPIHealth" name="test_api_root" time="0.240" /><testcase classname="backend.tests.test_polymerx_data.TestChartOfAccounts" name="test_coa_count" time="0.106" /><testcase classname="backend.tests.test_polymerx_data.TestChartOfAccounts" name="test_coa_has_required_accounts" time="0.099" /><testcase classname="backend.tests.test_polymerx_data.TestDashboardStats" name="test_crm_leads_count" time="0.102" /><testcase classname="backend.tests.test_polymerx_data.TestDashboardStats" name="test_crm_customers_count" time="0.095" /><testcase classname="backend.tests.test_polymerx_data.TestDashboardStats" name="test_selling_sales_orders_count" time="0.113" /><testcase classname="backend.tests.test_polymerx_data.TestDashboardStats" name="test_selling_invoices_count" time="0.106" /><testcase classname="backend.tests.test_polymerx_data.TestDashboardStats" name="test_buying_purchase_orders_count" time="0.098" /><testcase classname="backend.tests.test_polymerx_data.TestDashboardStats" name="test_buying_invoices_count" time="0.120" /><testcase classname="backend.tests.test_polymerx_data.TestDashboardStats" name="test_buying_grn_count" time="0.112" /><testcase classname="backend.tests.test_polymerx_data.TestDashboardStats" name="test_stock_items_count" time="0.102" /><testcase classname="backend.tests.test_polymerx_data.TestDashboardStats" name="test_hr_employees_count" time="0.103" /><testcase classname="backend.tests.test_polymerx_data.TestManufacturing" name="test_work_orders_count" time="0.094" /><testcase classname="backend.tests.test_polymerx_data.TestManufacturing" name="test_work_orders_status_distribution" time="0.142" /><testcase classname="backend.tests.test_polymerx_data.TestFinancialStatements" name="test_balance_sheet_balanced" time="0.109" /><testcase classname="backend.tests.test_polymerx_data.TestFinancialStatements" name="test_balance_sheet_total_assets" time="0.153" /><testcase classname="backend.tests.test_polymerx_data.TestFinancialStatements" name="test_balance_sheet_equity_equals_assets" time="0.100" /><testcase classname="backend.tests.test_polymerx_data.TestFinancialStatements" name="test_balance_sheet_company_name" time="0.113" /><testcase classname="backend.tests.test_polymerx_data.TestFinancialStatements" name="test_profit_and_loss_has_revenue" time="0.145" /><testcase classname="backend.tests.test_polymerx_data.TestFinancialStatements" name="test_trial_balance_balanced" time="0.116" /><testcase classname="backend.tests.test_polymerx_data.TestFinancialStatements" name="test_trial_balance_entry_count" time="0.105" /><testcase classname="backend.tests.test_polymerx_data.TestBuyingLinkedFlow" name="test_po_status_distribution" time="0.095" /><testcase classname="backend.tests.test_polymerx_data.TestBuyingLinkedFlow" name="test_pending_grn_list" time="0.100" /><testcase classname="backend.tests.test_polymerx_data.TestBuyingLinkedFlow" name="test_vendor_payments_endpoint" time="0.100" /><testcase classname="backend.tests.test_polymerx_data.TestSellingLinkedFlow" name="test_delivery_notes_endpoint" time="0.112" /><testcase classname="backend.tests.test_polymerx_data.TestSellingLinkedFlow" name="test_customer_payments_endpoint" time="0.100" /><testcase classname="backend.tests.test_polymerx_data.TestExcelExport" name="test_trial_balance_excel_export" time="0.104" /><testcase classname="backend.tests.test_polymerx_data.TestLinkedFlowAction" name="test_confirm_grn_from_capex_po" time="0.301" /></testsuite></testsuites>