<?xml version="1.0" encoding="utf-8"?><testsuites name="pytest tests"><testsuite name="pytest" errors="0" failures="0" skipped="0" tests="30" time="1.437" timestamp="2026-04-07T06:12:41.426485+00:00" hostname="agent-env-9b6827d4-c718-40eb-a888-f3975238b6c6"><testcase classname="backend.tests.test_iteration32_code_quality.TestHealthAndBasicEndpoints" name="test_health_endpoint" time="0.158" /><testcase classname="backend.tests.test_iteration32_code_quality.TestHealthAndBasicEndpoints" name="test_agents_providers_endpoint" time="0.097" /><testcase classname="backend.tests.test_iteration32_code_quality.TestHealthAndBasicEndpoints" name="test_agents_api_keys_endpoint" time="0.103" /><testcase classname="backend.tests.test_iteration32_code_quality.TestHealthAndBasicEndpoints" name="test_projects_endpoint" time="0.154" /><testcase classname="backend.tests.test_iteration32_code_quality.TestHealthAndBasicEndpoints" name="test_timesheets_endpoint" time="0.124" /><testcase classname="backend.tests.test_iteration32_code_quality.TestHealthAndBasicEndpoints" name="test_financial_statements_balance_sheet" time="0.101" /><testcase classname="backend.tests.test_iteration32_code_quality.TestHealthAndBasicEndpoints" name="test_revenue_schedule_endpoint" time="0.151" /><testcase classname="backend.tests.test_iteration32_code_quality.TestHealthAndBasicEndpoints" name="test_selling_invoices_endpoint" time="0.103" /><testcase classname="backend.tests.test_iteration32_code_quality.TestHealthAndBasicEndpoints" name="test_company_settings_endpoint" time="0.106" /><testcase classname="backend.tests.test_iteration32_code_quality.TestShellInjectionHardening" name="test_shlex_import_exists" time="0.000" /><testcase classname="backend.tests.test_iteration32_code_quality.TestShellInjectionHardening" name="test_hard_blocked_patterns_expanded" time="0.000" /><testcase classname="backend.tests.test_iteration32_code_quality.TestShellInjectionHardening" name="test_subprocess_uses_argument_lists" time="0.000" /><testcase classname="backend.tests.test_iteration32_code_quality.TestShellInjectionHardening" name="test_install_package_uses_shlex_split" time="0.000" /><testcase classname="backend.tests.test_iteration32_code_quality.TestScreenshotHelperSubprocess" name="test_screenshot_helper_file_exists" time="0.000" /><testcase classname="backend.tests.test_iteration32_code_quality.TestScreenshotHelperSubprocess" name="test_screenshot_helper_uses_subprocess" time="0.000" /><testcase classname="backend.tests.test_iteration32_code_quality.TestScreenshotHelperSubprocess" name="test_no_exec_in_screenshot_tool" time="0.000" /><testcase classname="backend.tests.test_iteration32_code_quality.TestScreenshotHelperSubprocess" name="test_screenshot_helper_content" time="0.000" /><testcase classname="backend.tests.test_iteration32_code_quality.TestLintCodePathValidation" name="test_lint_code_path_validation" time="0.000" /><testcase classname="backend.tests.test_iteration32_code_quality.TestFrontendDOMPurifySanitization" name="test_dompurify_import" time="0.000" /><testcase classname="backend.tests.test_iteration32_code_quality.TestFrontendDOMPurifySanitization" name="test_dompurify_sanitize_used" time="0.000" /><testcase classname="backend.tests.test_iteration32_code_quality.TestReactHookDependencyFixes" name="test_stock_js_usecallback" time="0.000" /><testcase classname="backend.tests.test_iteration32_code_quality.TestReactHookDependencyFixes" name="test_sales_js_usecallback" time="0.000" /><testcase classname="backend.tests.test_iteration32_code_quality.TestReactHookDependencyFixes" name="test_journal_entry_js_usecallback" time="0.000" /><testcase classname="backend.tests.test_iteration32_code_quality.TestReactHookDependencyFixes" name="test_manufacturing_module_js_usecallback" time="0.000" /><testcase classname="backend.tests.test_iteration32_code_quality.TestReactHookDependencyFixes" name="test_master_data_js_usecallback" time="0.000" /><testcase classname="backend.tests.test_iteration32_code_quality.TestKeyAsIndexFixes" name="test_timesheets_page_key_fix" time="0.000" /><testcase classname="backend.tests.test_iteration32_code_quality.TestKeyAsIndexFixes" name="test_projects_module_key_fix" time="0.000" /><testcase classname="backend.tests.test_iteration32_code_quality.TestKeyAsIndexFixes" name="test_reporting_ai_key_fix" time="0.000" /><testcase classname="backend.tests.test_iteration32_code_quality.TestApiKeysManagement" name="test_post_api_keys_saves_key" time="0.129" /><testcase classname="backend.tests.test_iteration32_code_quality.TestApiKeysManagement" name="test_post_api_keys_removes_key" time="0.103" /></testsuite></testsuites>