<?xml version="1.0" encoding="utf-8"?><testsuites name="pytest tests"><testsuite name="pytest" errors="0" failures="0" skipped="0" tests="18" time="2.205" timestamp="2026-04-07T08:44:05.942810+00:00" hostname="agent-env-9b6827d4-c718-40eb-a888-f3975238b6c6"><testcase classname="backend.tests.test_iteration37_manual_entry.TestManualEntryFastPath" name="test_manual_entry_project_returns_schema_with_fields" time="0.278" /><testcase classname="backend.tests.test_iteration37_manual_entry.TestManualEntryFastPath" name="test_manual_entry_timesheet_returns_schema_with_fields" time="0.102" /><testcase classname="backend.tests.test_iteration37_manual_entry.TestManualEntryFastPath" name="test_manual_entry_contract_returns_schema_with_fields" time="0.095" /><testcase classname="backend.tests.test_iteration37_manual_entry.TestManualEntryFastPath" name="test_manual_entry_approval_workflow_returns_schema_with_fields" time="0.107" /><testcase classname="backend.tests.test_iteration37_manual_entry.TestManualEntryFastPath" name="test_manual_entry_budget_returns_schema_with_fields" time="0.104" /><testcase classname="backend.tests.test_iteration37_manual_entry.TestManualEntryDefaults" name="test_manual_entry_returns_defaults_and_missing_fields[project]" time="0.097" /><testcase classname="backend.tests.test_iteration37_manual_entry.TestManualEntryDefaults" name="test_manual_entry_returns_defaults_and_missing_fields[timesheet]" time="0.104" /><testcase classname="backend.tests.test_iteration37_manual_entry.TestManualEntryDefaults" name="test_manual_entry_returns_defaults_and_missing_fields[contract]" time="0.101" /><testcase classname="backend.tests.test_iteration37_manual_entry.TestManualEntryDefaults" name="test_manual_entry_returns_defaults_and_missing_fields[approval_workflow]" time="0.115" /><testcase classname="backend.tests.test_iteration37_manual_entry.TestManualEntryDefaults" name="test_manual_entry_returns_defaults_and_missing_fields[approval_request]" time="0.108" /><testcase classname="backend.tests.test_iteration37_manual_entry.TestManualEntryDefaults" name="test_manual_entry_returns_defaults_and_missing_fields[budget]" time="0.098" /><testcase classname="backend.tests.test_iteration37_manual_entry.TestManualEntryDefaults" name="test_manual_entry_returns_defaults_and_missing_fields[resource_allocation]" time="0.095" /><testcase classname="backend.tests.test_iteration37_manual_entry.TestManualEntryDefaults" name="test_manual_entry_returns_defaults_and_missing_fields[forex_transaction]" time="0.163" /><testcase classname="backend.tests.test_iteration37_manual_entry.TestManualEntryDefaults" name="test_manual_entry_returns_defaults_and_missing_fields[portal_client]" time="0.105" /><testcase classname="backend.tests.test_iteration37_manual_entry.TestManualEntrySchemaStructure" name="test_project_schema_has_all_field_types" time="0.104" /><testcase classname="backend.tests.test_iteration37_manual_entry.TestManualEntrySchemaStructure" name="test_timesheet_schema_has_date_and_boolean_types" time="0.130" /><testcase classname="backend.tests.test_iteration37_manual_entry.TestManualEntrySchemaStructure" name="test_contract_schema_has_boolean_type" time="0.093" /><testcase classname="backend.tests.test_iteration37_manual_entry.TestManualEntryNoLLMCall" name="test_manual_entry_is_fast" time="0.104" /></testsuite></testsuites>