<?xml version="1.0" encoding="utf-8"?><testsuites name="pytest tests"><testsuite name="pytest" errors="0" failures="1" skipped="0" tests="34" time="6.961" timestamp="2026-04-06T17:35:46.852777+00:00" hostname="agent-env-9b6827d4-c718-40eb-a888-f3975238b6c6"><testcase classname="backend.tests.test_kairos_ai_engine_v3.TestLLMProviders" name="test_providers_returns_three_providers" time="0.243" /><testcase classname="backend.tests.test_kairos_ai_engine_v3.TestLLMProviders" name="test_providers_have_correct_structure" time="0.141" /><testcase classname="backend.tests.test_kairos_ai_engine_v3.TestLLMProviders" name="test_groq_is_primary_provider" time="0.101" /><testcase classname="backend.tests.test_kairos_ai_engine_v3.TestLLMProviders" name="test_fallback_order_is_correct" time="0.127" /><testcase classname="backend.tests.test_kairos_ai_engine_v3.TestAsyncChatArchitecture" name="test_chat_returns_task_id_instantly" time="0.131" /><testcase classname="backend.tests.test_kairos_ai_engine_v3.TestAsyncChatArchitecture" name="test_task_polling_returns_status" time="0.264" /><testcase classname="backend.tests.test_kairos_ai_engine_v3.TestAsyncChatArchitecture" name="test_task_returns_steps_array" time="1.377" /><testcase classname="backend.tests.test_kairos_ai_engine_v3.TestAsyncChatArchitecture" name="test_invalid_task_id_returns_404" time="0.122" /><testcase classname="backend.tests.test_kairos_ai_engine_v3.TestAsyncChatArchitecture" name="test_empty_message_returns_400" time="0.118" /><testcase classname="backend.tests.test_kairos_ai_engine_v3.TestSessionManagement" name="test_create_session" time="0.141" /><testcase classname="backend.tests.test_kairos_ai_engine_v3.TestSessionManagement" name="test_list_sessions" time="0.115" /><testcase classname="backend.tests.test_kairos_ai_engine_v3.TestSessionManagement" name="test_get_session_by_id" time="0.299" /><testcase classname="backend.tests.test_kairos_ai_engine_v3.TestSessionManagement" name="test_delete_session" time="0.423" /><testcase classname="backend.tests.test_kairos_ai_engine_v3.TestSessionManagement" name="test_session_not_found_returns_404" time="0.127" /><testcase classname="backend.tests.test_kairos_ai_engine_v3.TestLeaveManagementModule" name="test_leave_management_list_endpoint" time="0.113" /><testcase classname="backend.tests.test_kairos_ai_engine_v3.TestLeaveManagementModule" name="test_leave_management_create_endpoint" time="0.115" /><testcase classname="backend.tests.test_kairos_ai_engine_v3.TestLeaveManagementModule" name="test_leave_management_persistence" time="0.269" /><testcase classname="backend.tests.test_kairos_ai_engine_v3.TestEmployeeAnalyticsModule" name="test_utilization_summary_endpoint" time="0.109" /><testcase classname="backend.tests.test_kairos_ai_engine_v3.TestEmployeeAnalyticsModule" name="test_top_performers_endpoint" time="0.108" /><testcase classname="backend.tests.test_kairos_ai_engine_v3.TestFileUploadEndpoint" name="test_upload_endpoint_exists" time="0.115" /><testcase classname="backend.tests.test_kairos_ai_engine_v3.TestURLCrawlEndpoint" name="test_crawl_url_missing_url_returns_400" time="0.110" /><testcase classname="backend.tests.test_kairos_ai_engine_v3.TestURLCrawlEndpoint" name="test_crawl_url_adds_https_prefix" time="0.675" /><testcase classname="backend.tests.test_kairos_ai_engine_v3.TestCodingEndpoints" name="test_list_backend_files" time="0.130" /><testcase classname="backend.tests.test_kairos_ai_engine_v3.TestCodingEndpoints" name="test_read_file" time="0.129" /><testcase classname="backend.tests.test_kairos_ai_engine_v3.TestCodingEndpoints" name="test_read_file_blocked_path" time="0.163" /><testcase classname="backend.tests.test_kairos_ai_engine_v3.TestTestingEndpoints" name="test_run_full_health_check" time="0.113" /><testcase classname="backend.tests.test_kairos_ai_engine_v3.TestTestingEndpoints" name="test_run_tb_balance" time="0.129" /><testcase classname="backend.tests.test_kairos_ai_engine_v3.TestTestingEndpoints" name="test_run_collection_stats" time="0.123" /><testcase classname="backend.tests.test_kairos_ai_engine_v3.TestChatModes" name="test_auto_mode" time="0.101" /><testcase classname="backend.tests.test_kairos_ai_engine_v3.TestChatModes" name="test_ba_mode" time="0.106" /><testcase classname="backend.tests.test_kairos_ai_engine_v3.TestChatModes" name="test_dev_mode" time="0.115" /><testcase classname="backend.tests.test_kairos_ai_engine_v3.TestChatModes" name="test_qa_mode" time="0.127" /><testcase classname="backend.tests.test_kairos_ai_engine_v3.TestScaffoldModuleVerification" name="test_leave_management_file_exists" time="0.124" /><testcase classname="backend.tests.test_kairos_ai_engine_v3.TestScaffoldModuleVerification" name="test_leave_management_registered_in_server" time="0.120"><failure message="assert ('routes_leave_management' in '1| from fastapi import FastAPI, APIRouter, UploadFile, File, HTTPException, Header, Query\n2| from fastapi.responses import Response, FileResponse\n3| from dotenv import load_dotenv\n4| from starlette.middleware.cors import CORSMiddleware\n5| from motor.motor_asyncio import AsyncIOMotorClient\n6| import os\n7| import logging\n8| from pathlib import Path\n9| from pydantic import BaseModel, Field, ConfigDict\n10| from typing import List, Optional, Dict, Any\n11| import uuid\n12| from datetime import datetime, timezone\n13| import requests\n14| from emergentintegrations.llm.chat import LlmChat, UserMessage, ImageContent\n15| import base64\n16| import io\n17| from PIL import Image\n18| import csv\n19| import json\n20| from io import StringIO, BytesIO\n21| from reportlab.lib.pagesizes import A4\n22| from reportlab.platypus import SimpleDocTemplate, Table, TableStyle, Paragraph, Spacer\n23| from reportlab.lib.styles import getSampleStyleSheet\n24| from reportlab.lib import colors\n25| import openpyxl\n26| from openpyxl.styles import Font, Alignment, PatternFill\n27| \n28| ROOT_DIR = Path(__file__).parent\n29| load_dotenv(ROOT_DIR / \'.env\')\n30| \n31| # MongoDB connection\n32| mongo_...55|             # Create transaction based on module\n656|             txn = TransactionBase(\n657|                 module=module,\n658|                 posting_date=row.get(&quot;Date&quot;),\n659|                 import_source=&quot;csv&quot;,\n660|                 status=&quot;draft&quot;\n661|             )\n662|             \n663|             # Build journal entries from CSV\n664|             entries = []\n665|             if module == &quot;journals&quot;:\n666|                 entries.append({\n667|                     &quot;account&quot;: row.get(&quot;Ledger&quot;),\n668|                     &quot;debit&quot;: float(row.get(&quot;Debit&quot;, 0)),\n669|                     &quot;credit&quot;: float(row.get(&quot;Credit&quot;, 0)),\n670|                     &quot;description&quot;: row.get(&quot;Description&quot;, &quot;&quot;)\n671|                 })\n672|             elif module in [&quot;purchases&quot;, &quot;sales&quot;]:\n673|                 # Auto-generate journal entries from purchase/sale data\n674|                 total = float(row.get(&quot;Total&quot;, 0))\n675|                 gst_rate = float(row.get(&quot;GST Rate&quot;, 0))\n676|                 base = total / (1 + gst_rate / 100)\n677|                 gst_amt = total - base\n678|                 \n679|                 if module == &quot;purchases&quot;:\n680|\n... [TRUNCATED] ...' or 'leave_management_router' in '1| from fastapi import FastAPI, APIRouter, UploadFile, File, HTTPException, Header, Query\n2| from fastapi.responses import Response, FileResponse\n3| from dotenv import load_dotenv\n4| from starlette.middleware.cors import CORSMiddleware\n5| from motor.motor_asyncio import AsyncIOMotorClient\n6| import os\n7| import logging\n8| from pathlib import Path\n9| from pydantic import BaseModel, Field, ConfigDict\n10| from typing import List, Optional, Dict, Any\n11| import uuid\n12| from datetime import datetime, timezone\n13| import requests\n14| from emergentintegrations.llm.chat import LlmChat, UserMessage, ImageContent\n15| import base64\n16| import io\n17| from PIL import Image\n18| import csv\n19| import json\n20| from io import StringIO, BytesIO\n21| from reportlab.lib.pagesizes import A4\n22| from reportlab.platypus import SimpleDocTemplate, Table, TableStyle, Paragraph, Spacer\n23| from reportlab.lib.styles import getSampleStyleSheet\n24| from reportlab.lib import colors\n25| import openpyxl\n26| from openpyxl.styles import Font, Alignment, PatternFill\n27| \n28| ROOT_DIR = Path(__file__).parent\n29| load_dotenv(ROOT_DIR / \'.env\')\n30| \n31| # MongoDB connection\n32| mongo_...55|             # Create transaction based on module\n656|             txn = TransactionBase(\n657|                 module=module,\n658|                 posting_date=row.get(&quot;Date&quot;),\n659|                 import_source=&quot;csv&quot;,\n660|                 status=&quot;draft&quot;\n661|             )\n662|             \n663|             # Build journal entries from CSV\n664|             entries = []\n665|             if module == &quot;journals&quot;:\n666|                 entries.append({\n667|                     &quot;account&quot;: row.get(&quot;Ledger&quot;),\n668|                     &quot;debit&quot;: float(row.get(&quot;Debit&quot;, 0)),\n669|                     &quot;credit&quot;: float(row.get(&quot;Credit&quot;, 0)),\n670|                     &quot;description&quot;: row.get(&quot;Description&quot;, &quot;&quot;)\n671|                 })\n672|             elif module in [&quot;purchases&quot;, &quot;sales&quot;]:\n673|                 # Auto-generate journal entries from purchase/sale data\n674|                 total = float(row.get(&quot;Total&quot;, 0))\n675|                 gst_rate = float(row.get(&quot;GST Rate&quot;, 0))\n676|                 base = total / (1 + gst_rate / 100)\n677|                 gst_amt = total - base\n678|                 \n679|                 if module == &quot;purchases&quot;:\n680|\n... [TRUNCATED] ...')">backend/tests/test_kairos_ai_engine_v3.py:438: in test_leave_management_registered_in_server
    assert "routes_leave_management" in content or "leave_management_router" in content
E   assert ('routes_leave_management' in '1| from fastapi import FastAPI, APIRouter, UploadFile, File, HTTPException, Header, Query\n2| from fastapi.responses import Response, FileResponse\n3| from dotenv import load_dotenv\n4| from starlette.middleware.cors import CORSMiddleware\n5| from motor.motor_asyncio import AsyncIOMotorClient\n6| import os\n7| import logging\n8| from pathlib import Path\n9| from pydantic import BaseModel, Field, ConfigDict\n10| from typing import List, Optional, Dict, Any\n11| import uuid\n12| from datetime import datetime, timezone\n13| import requests\n14| from emergentintegrations.llm.chat import LlmChat, UserMessage, ImageContent\n15| import base64\n16| import io\n17| from PIL import Image\n18| import csv\n19| import json\n20| from io import StringIO, BytesIO\n21| from reportlab.lib.pagesizes import A4\n22| from reportlab.platypus import SimpleDocTemplate, Table, TableStyle, Paragraph, Spacer\n23| from reportlab.lib.styles import getSampleStyleSheet\n24| from reportlab.lib import colors\n25| import openpyxl\n26| from openpyxl.styles import Font, Alignment, PatternFill\n27| \n28| ROOT_DIR = Path(__file__).parent\n29| load_dotenv(ROOT_DIR / \'.env\')\n30| \n31| # MongoDB connection\n32| mongo_...55|             # Create transaction based on module\n656|             txn = TransactionBase(\n657|                 module=module,\n658|                 posting_date=row.get("Date"),\n659|                 import_source="csv",\n660|                 status="draft"\n661|             )\n662|             \n663|             # Build journal entries from CSV\n664|             entries = []\n665|             if module == "journals":\n666|                 entries.append({\n667|                     "account": row.get("Ledger"),\n668|                     "debit": float(row.get("Debit", 0)),\n669|                     "credit": float(row.get("Credit", 0)),\n670|                     "description": row.get("Description", "")\n671|                 })\n672|             elif module in ["purchases", "sales"]:\n673|                 # Auto-generate journal entries from purchase/sale data\n674|                 total = float(row.get("Total", 0))\n675|                 gst_rate = float(row.get("GST Rate", 0))\n676|                 base = total / (1 + gst_rate / 100)\n677|                 gst_amt = total - base\n678|                 \n679|                 if module == "purchases":\n680|\n... [TRUNCATED] ...' or 'leave_management_router' in '1| from fastapi import FastAPI, APIRouter, UploadFile, File, HTTPException, Header, Query\n2| from fastapi.responses import Response, FileResponse\n3| from dotenv import load_dotenv\n4| from starlette.middleware.cors import CORSMiddleware\n5| from motor.motor_asyncio import AsyncIOMotorClient\n6| import os\n7| import logging\n8| from pathlib import Path\n9| from pydantic import BaseModel, Field, ConfigDict\n10| from typing import List, Optional, Dict, Any\n11| import uuid\n12| from datetime import datetime, timezone\n13| import requests\n14| from emergentintegrations.llm.chat import LlmChat, UserMessage, ImageContent\n15| import base64\n16| import io\n17| from PIL import Image\n18| import csv\n19| import json\n20| from io import StringIO, BytesIO\n21| from reportlab.lib.pagesizes import A4\n22| from reportlab.platypus import SimpleDocTemplate, Table, TableStyle, Paragraph, Spacer\n23| from reportlab.lib.styles import getSampleStyleSheet\n24| from reportlab.lib import colors\n25| import openpyxl\n26| from openpyxl.styles import Font, Alignment, PatternFill\n27| \n28| ROOT_DIR = Path(__file__).parent\n29| load_dotenv(ROOT_DIR / \'.env\')\n30| \n31| # MongoDB connection\n32| mongo_...55|             # Create transaction based on module\n656|             txn = TransactionBase(\n657|                 module=module,\n658|                 posting_date=row.get("Date"),\n659|                 import_source="csv",\n660|                 status="draft"\n661|             )\n662|             \n663|             # Build journal entries from CSV\n664|             entries = []\n665|             if module == "journals":\n666|                 entries.append({\n667|                     "account": row.get("Ledger"),\n668|                     "debit": float(row.get("Debit", 0)),\n669|                     "credit": float(row.get("Credit", 0)),\n670|                     "description": row.get("Description", "")\n671|                 })\n672|             elif module in ["purchases", "sales"]:\n673|                 # Auto-generate journal entries from purchase/sale data\n674|                 total = float(row.get("Total", 0))\n675|                 gst_rate = float(row.get("GST Rate", 0))\n676|                 base = total / (1 + gst_rate / 100)\n677|                 gst_amt = total - base\n678|                 \n679|                 if module == "purchases":\n680|\n... [TRUNCATED] ...')</failure></testcase></testsuite></testsuites>