<?xml version="1.0" encoding="utf-8"?><testsuites name="pytest tests"><testsuite name="pytest" errors="0" failures="0" skipped="0" tests="25" time="20.201" timestamp="2026-04-06T20:11:48.920065+00:00" hostname="agent-env-9b6827d4-c718-40eb-a888-f3975238b6c6"><testcase classname="backend.tests.test_iteration26_provider_routing.TestProviderEndpoint" name="test_providers_endpoint_returns_200" time="0.259" /><testcase classname="backend.tests.test_iteration26_provider_routing.TestProviderEndpoint" name="test_providers_has_correct_structure" time="0.106" /><testcase classname="backend.tests.test_iteration26_provider_routing.TestProviderEndpoint" name="test_claude_is_priority_1" time="0.105" /><testcase classname="backend.tests.test_iteration26_provider_routing.TestProviderEndpoint" name="test_groq_is_priority_2" time="0.123" /><testcase classname="backend.tests.test_iteration26_provider_routing.TestProviderEndpoint" name="test_openrouter_is_priority_3" time="0.104" /><testcase classname="backend.tests.test_iteration26_provider_routing.TestProviderEndpoint" name="test_fallback_order_is_claude_groq_openrouter" time="0.347" /><testcase classname="backend.tests.test_iteration26_provider_routing.TestProviderEndpoint" name="test_providers_have_status_field" time="0.120" /><testcase classname="backend.tests.test_iteration26_provider_routing.TestProviderEndpoint" name="test_providers_have_model_field" time="0.130" /><testcase classname="backend.tests.test_iteration26_provider_routing.TestChatEndpoint" name="test_chat_creates_task_and_returns_task_id" time="0.122" /><testcase classname="backend.tests.test_iteration26_provider_routing.TestChatEndpoint" name="test_chat_accepts_session_id" time="3.181" /><testcase classname="backend.tests.test_iteration26_provider_routing.TestTaskPolling" name="test_task_polling_returns_thinking_fields" time="10.774" /><testcase classname="backend.tests.test_iteration26_provider_routing.TestTaskPolling" name="test_task_not_found_returns_404" time="0.118" /><testcase classname="backend.tests.test_iteration26_provider_routing.TestTaskExecution" name="test_simple_task_completes_successfully" time="4.397" /><testcase classname="backend.tests.test_iteration26_provider_routing.TestCodeVerification" name="test_call_llm_default_order_is_claude_first" time="0.000" /><testcase classname="backend.tests.test_iteration26_provider_routing.TestCodeVerification" name="test_provider_failures_tracking_exists" time="0.000" /><testcase classname="backend.tests.test_iteration26_provider_routing.TestCodeVerification" name="test_should_skip_provider_function_exists" time="0.000" /><testcase classname="backend.tests.test_iteration26_provider_routing.TestCodeVerification" name="test_record_failure_function_exists" time="0.000" /><testcase classname="backend.tests.test_iteration26_provider_routing.TestCodeVerification" name="test_clear_failures_function_exists" time="0.000" /><testcase classname="backend.tests.test_iteration26_provider_routing.TestCodeVerification" name="test_failure_window_is_5_minutes" time="0.000" /><testcase classname="backend.tests.test_iteration26_provider_routing.TestCodeVerification" name="test_skip_threshold_is_2_failures" time="0.000" /><testcase classname="backend.tests.test_iteration26_provider_routing.TestCodeVerification" name="test_providers_endpoint_shows_rate_limited_status" time="0.000" /><testcase classname="backend.tests.test_iteration26_provider_routing.TestWebSearchTool" name="test_web_search_in_read_tools" time="0.000" /><testcase classname="backend.tests.test_iteration26_provider_routing.TestTakeScreenshotTool" name="test_take_screenshot_in_read_tools" time="0.000" /><testcase classname="backend.tests.test_iteration26_provider_routing.TestScreenshotServeEndpoint" name="test_screenshot_endpoint_exists" time="0.107" /><testcase classname="backend.tests.test_iteration26_provider_routing.TestHealthEndpoint" name="test_root_api_endpoint_returns_200" time="0.117" /></testsuite></testsuites>