<?xml version="1.0" encoding="utf-8"?><testsuites name="pytest tests"><testsuite name="pytest" errors="0" failures="0" skipped="0" tests="19" time="36.347" timestamp="2026-04-06T20:57:29.150485+00:00" hostname="agent-env-9b6827d4-c718-40eb-a888-f3975238b6c6"><testcase classname="backend.tests.test_iteration28_autonomous_execution.TestProvidersEndpoint" name="test_providers_endpoint_returns_200" time="0.176" /><testcase classname="backend.tests.test_iteration28_autonomous_execution.TestProvidersEndpoint" name="test_providers_returns_5_providers" time="0.130" /><testcase classname="backend.tests.test_iteration28_autonomous_execution.TestProvidersEndpoint" name="test_fallback_order_is_correct" time="0.119" /><testcase classname="backend.tests.test_iteration28_autonomous_execution.TestProvidersEndpoint" name="test_all_providers_have_required_fields" time="0.157" /><testcase classname="backend.tests.test_iteration28_autonomous_execution.TestChatEndpointBasics" name="test_chat_endpoint_returns_task_id" time="0.109" /><testcase classname="backend.tests.test_iteration28_autonomous_execution.TestChatEndpointBasics" name="test_chat_requires_message" time="2.053" /><testcase classname="backend.tests.test_iteration28_autonomous_execution.TestTaskStatusEndpoint" name="test_task_not_found_returns_404" time="0.121" /><testcase classname="backend.tests.test_iteration28_autonomous_execution.TestTaskStatusEndpoint" name="test_task_status_has_required_fields" time="2.471" /><testcase classname="backend.tests.test_iteration28_autonomous_execution.TestAutonomousExecution" name="test_simple_query_completes_without_asking_proceed" time="9.512" /><testcase classname="backend.tests.test_iteration28_autonomous_execution.TestAutonomousExecution" name="test_task_has_executing_step_type" time="8.660" /><testcase classname="backend.tests.test_iteration28_autonomous_execution.TestAutoContiuneLogic" name="test_auto_continue_message_in_code" time="0.000" /><testcase classname="backend.tests.test_iteration28_autonomous_execution.TestAutoContiuneLogic" name="test_execution_style_section_in_system_prompt" time="0.001" /><testcase classname="backend.tests.test_iteration28_autonomous_execution.TestMongoDBPersistence" name="test_save_task_function_exists" time="0.000" /><testcase classname="backend.tests.test_iteration28_autonomous_execution.TestMongoDBPersistence" name="test_load_task_function_exists" time="0.000" /><testcase classname="backend.tests.test_iteration28_autonomous_execution.TestMongoDBPersistence" name="test_task_saved_before_restart" time="0.000" /><testcase classname="backend.tests.test_iteration28_autonomous_execution.TestStepTypes" name="test_step_type_values_in_code" time="0.000" /><testcase classname="backend.tests.test_iteration28_autonomous_execution.TestTaskCompletionFlow" name="test_task_completes_with_tool_execution" time="5.763" /><testcase classname="backend.tests.test_iteration28_autonomous_execution.TestProviderInResponse" name="test_step_includes_provider_field" time="2.658" /><testcase classname="backend.tests.test_iteration28_autonomous_execution.TestThinkingPanel" name="test_thinking_text_field_exists" time="4.345" /></testsuite></testsuites>