<?xml version="1.0" encoding="utf-8"?><testsuites name="pytest tests"><testsuite name="pytest" errors="0" failures="0" skipped="0" tests="42" time="3.377" timestamp="2026-04-07T07:10:49.721874+00:00" hostname="agent-env-9b6827d4-c718-40eb-a888-f3975238b6c6"><testcase classname="tests.test_iteration34_enterprise_modules.TestApprovalsModule" name="test_list_workflows" time="0.579" /><testcase classname="tests.test_iteration34_enterprise_modules.TestApprovalsModule" name="test_create_workflow" time="0.056" /><testcase classname="tests.test_iteration34_enterprise_modules.TestApprovalsModule" name="test_list_requests" time="0.049" /><testcase classname="tests.test_iteration34_enterprise_modules.TestApprovalsModule" name="test_create_request" time="0.055" /><testcase classname="tests.test_iteration34_enterprise_modules.TestApprovalsModule" name="test_approve_request" time="0.046" /><testcase classname="tests.test_iteration34_enterprise_modules.TestApprovalsModule" name="test_approval_stats" time="0.048" /><testcase classname="tests.test_iteration34_enterprise_modules.TestBudgetsModule" name="test_list_budgets" time="0.044" /><testcase classname="tests.test_iteration34_enterprise_modules.TestBudgetsModule" name="test_create_budget" time="0.055" /><testcase classname="tests.test_iteration34_enterprise_modules.TestBudgetsModule" name="test_budget_variance" time="0.043" /><testcase classname="tests.test_iteration34_enterprise_modules.TestBudgetsModule" name="test_budget_alerts" time="0.046" /><testcase classname="tests.test_iteration34_enterprise_modules.TestContractsModule" name="test_list_contracts" time="0.045" /><testcase classname="tests.test_iteration34_enterprise_modules.TestContractsModule" name="test_create_contract" time="0.061" /><testcase classname="tests.test_iteration34_enterprise_modules.TestContractsModule" name="test_renewal_alerts" time="0.050" /><testcase classname="tests.test_iteration34_enterprise_modules.TestContractsModule" name="test_contract_stats" time="0.050" /><testcase classname="tests.test_iteration34_enterprise_modules.TestResourcesModule" name="test_list_allocations" time="0.043" /><testcase classname="tests.test_iteration34_enterprise_modules.TestResourcesModule" name="test_create_allocation" time="0.053" /><testcase classname="tests.test_iteration34_enterprise_modules.TestResourcesModule" name="test_get_bench" time="0.050" /><testcase classname="tests.test_iteration34_enterprise_modules.TestResourcesModule" name="test_resource_utilization" time="0.043" /><testcase classname="tests.test_iteration34_enterprise_modules.TestResourcesModule" name="test_staffing_forecast" time="0.045" /><testcase classname="tests.test_iteration34_enterprise_modules.TestForexModule" name="test_get_rates" time="0.043" /><testcase classname="tests.test_iteration34_enterprise_modules.TestForexModule" name="test_create_forex_transaction" time="0.055" /><testcase classname="tests.test_iteration34_enterprise_modules.TestForexModule" name="test_list_forex_transactions" time="0.043" /><testcase classname="tests.test_iteration34_enterprise_modules.TestForexModule" name="test_fetch_live_rates" time="0.271" /><testcase classname="tests.test_iteration34_enterprise_modules.TestForexModule" name="test_revaluation" time="0.044" /><testcase classname="tests.test_iteration34_enterprise_modules.TestBillingModule" name="test_get_unbilled" time="0.046" /><testcase classname="tests.test_iteration34_enterprise_modules.TestBillingModule" name="test_billing_stats" time="0.056" /><testcase classname="tests.test_iteration34_enterprise_modules.TestBillingModule" name="test_milestone_invoices" time="0.043" /><testcase classname="tests.test_iteration34_enterprise_modules.TestDocumentsModule" name="test_list_documents" time="0.050" /><testcase classname="tests.test_iteration34_enterprise_modules.TestDocumentsModule" name="test_get_categories" time="0.042" /><testcase classname="tests.test_iteration34_enterprise_modules.TestDocumentsModule" name="test_document_stats" time="0.045" /><testcase classname="tests.test_iteration34_enterprise_modules.TestNotificationsModule" name="test_list_notifications" time="0.043" /><testcase classname="tests.test_iteration34_enterprise_modules.TestNotificationsModule" name="test_create_notification" time="0.053" /><testcase classname="tests.test_iteration34_enterprise_modules.TestNotificationsModule" name="test_generate_reminders" time="0.045" /><testcase classname="tests.test_iteration34_enterprise_modules.TestNotificationsModule" name="test_unread_count" time="0.044" /><testcase classname="tests.test_iteration34_enterprise_modules.TestComplianceModule" name="test_get_frameworks" time="0.046" /><testcase classname="tests.test_iteration34_enterprise_modules.TestComplianceModule" name="test_compliance_dashboard" time="0.048" /><testcase classname="tests.test_iteration34_enterprise_modules.TestComplianceModule" name="test_access_logs" time="0.044" /><testcase classname="tests.test_iteration34_enterprise_modules.TestPortalModule" name="test_list_portal_clients" time="0.044" /><testcase classname="tests.test_iteration34_enterprise_modules.TestPortalModule" name="test_create_portal_client" time="0.059" /><testcase classname="tests.test_iteration34_enterprise_modules.TestPortalModule" name="test_portal_token_access" time="0.306" /><testcase classname="tests.test_iteration34_enterprise_modules.TestPortalModule" name="test_portal_without_token_fails" time="0.095" /><testcase classname="tests.test_iteration34_enterprise_modules.TestCleanup" name="test_cleanup_test_data" time="0.219" /></testsuite></testsuites>