<?xml version="1.0" encoding="utf-8"?><testsuites name="pytest tests"><testsuite name="pytest" errors="0" failures="0" skipped="0" tests="16" time="14.515" timestamp="2026-04-07T08:02:47.503484+00:00" hostname="agent-env-9b6827d4-c718-40eb-a888-f3975238b6c6"><testcase classname="backend.tests.test_iteration36_ai_entry.TestAISchemas" name="test_schemas_endpoint_returns_200" time="0.140" /><testcase classname="backend.tests.test_iteration36_ai_entry.TestAISchemas" name="test_schemas_contains_all_9_modules" time="0.132" /><testcase classname="backend.tests.test_iteration36_ai_entry.TestAISchemas" name="test_project_schema_has_required_fields" time="0.105" /><testcase classname="backend.tests.test_iteration36_ai_entry.TestAIParseEntry" name="test_parse_entry_unknown_module_returns_400" time="0.093" /><testcase classname="backend.tests.test_iteration36_ai_entry.TestAIParseEntry" name="test_parse_entry_empty_prompt_returns_400" time="0.135" /><testcase classname="backend.tests.test_iteration36_ai_entry.TestAIParseEntry" name="test_parse_entry_project_returns_correct_structure" time="1.452" /><testcase classname="backend.tests.test_iteration36_ai_entry.TestAIParseEntry" name="test_parse_entry_contract_returns_correct_structure" time="1.843" /><testcase classname="backend.tests.test_iteration36_ai_entry.TestAIParseEntry" name="test_parse_entry_returns_missing_fields_for_incomplete_prompt" time="2.033" /><testcase classname="backend.tests.test_iteration36_ai_entry.TestAIParseEntry" name="test_parse_entry_timesheet_module" time="1.456" /><testcase classname="backend.tests.test_iteration36_ai_entry.TestAIParseEntry" name="test_parse_entry_approval_workflow_module" time="1.210" /><testcase classname="backend.tests.test_iteration36_ai_entry.TestAIParseEntry" name="test_parse_entry_approval_request_module" time="1.113" /><testcase classname="backend.tests.test_iteration36_ai_entry.TestAIParseEntry" name="test_parse_entry_budget_module" time="1.658" /><testcase classname="backend.tests.test_iteration36_ai_entry.TestAIParseEntry" name="test_parse_entry_resource_allocation_module" time="1.083" /><testcase classname="backend.tests.test_iteration36_ai_entry.TestAIParseEntry" name="test_parse_entry_forex_transaction_module" time="0.896" /><testcase classname="backend.tests.test_iteration36_ai_entry.TestAIParseEntry" name="test_parse_entry_portal_client_module" time="0.971" /><testcase classname="backend.tests.test_iteration36_ai_entry.TestSchemaFieldDefinitions" name="test_schema_fields_have_required_attributes" time="0.104" /></testsuite></testsuites>