<?xml version="1.0" encoding="utf-8"?><testsuites name="pytest tests"><testsuite name="pytest" errors="0" failures="0" skipped="0" tests="26" time="7.233" timestamp="2026-04-06T12:18:38.958286+00:00" hostname="agent-env-9b6827d4-c718-40eb-a888-f3975238b6c6"><testcase classname="backend.tests.test_master_data_aging.TestVendorsAPI" name="test_get_vendors_returns_200" time="0.176" /><testcase classname="backend.tests.test_master_data_aging.TestVendorsAPI" name="test_vendors_have_required_fields" time="0.104" /><testcase classname="backend.tests.test_master_data_aging.TestVendorsAPI" name="test_create_vendor_success" time="0.101" /><testcase classname="backend.tests.test_master_data_aging.TestVendorsAPI" name="test_create_vendor_with_gstin_validation" time="0.106" /><testcase classname="backend.tests.test_master_data_aging.TestCustomersAPI" name="test_get_customers_returns_200" time="0.096" /><testcase classname="backend.tests.test_master_data_aging.TestCustomersAPI" name="test_customers_have_required_fields" time="0.107" /><testcase classname="backend.tests.test_master_data_aging.TestCustomersAPI" name="test_create_customer_success" time="0.107" /><testcase classname="backend.tests.test_master_data_aging.TestItemsAPI" name="test_get_items_returns_200" time="0.126" /><testcase classname="backend.tests.test_master_data_aging.TestItemsAPI" name="test_items_have_required_fields" time="0.106" /><testcase classname="backend.tests.test_master_data_aging.TestItemsAPI" name="test_create_item_success" time="0.102" /><testcase classname="backend.tests.test_master_data_aging.TestAgingPayablesAPI" name="test_ap_aging_returns_200" time="0.123" /><testcase classname="backend.tests.test_master_data_aging.TestAgingPayablesAPI" name="test_ap_aging_has_buckets" time="0.110" /><testcase classname="backend.tests.test_master_data_aging.TestAgingPayablesAPI" name="test_ap_aging_has_total_outstanding" time="0.096" /><testcase classname="backend.tests.test_master_data_aging.TestAgingPayablesAPI" name="test_ap_aging_has_vendor_breakdown" time="0.107" /><testcase classname="backend.tests.test_master_data_aging.TestAgingPayablesAPI" name="test_ap_aging_has_details" time="0.104" /><testcase classname="backend.tests.test_master_data_aging.TestAgingReceivablesAPI" name="test_ar_aging_returns_200" time="0.099" /><testcase classname="backend.tests.test_master_data_aging.TestAgingReceivablesAPI" name="test_ar_aging_has_buckets" time="0.120" /><testcase classname="backend.tests.test_master_data_aging.TestAgingReceivablesAPI" name="test_ar_aging_has_total_outstanding" time="0.110" /><testcase classname="backend.tests.test_master_data_aging.TestAgingReceivablesAPI" name="test_ar_aging_has_customer_breakdown" time="0.106" /><testcase classname="backend.tests.test_master_data_aging.TestCompanySettingsAPI" name="test_company_settings_returns_200" time="0.116" /><testcase classname="backend.tests.test_master_data_aging.TestCompanySettingsAPI" name="test_company_settings_has_name" time="0.103" /><testcase classname="backend.tests.test_master_data_aging.TestCompanySettingsAPI" name="test_company_settings_has_logo_url" time="0.104" /><testcase classname="backend.tests.test_master_data_aging.TestCompanySettingsAPI" name="test_company_logo_accessible" time="0.257" /><testcase classname="backend.tests.test_master_data_aging.TestGSTStatesAPI" name="test_gst_states_returns_200" time="0.114" /><testcase classname="backend.tests.test_master_data_aging.TestGSTStatesAPI" name="test_gst_states_have_code_and_name" time="0.143" /><testcase classname="backend.tests.test_master_data_aging.TestHSNSuggestAPI" name="test_hsn_suggest_endpoint_exists" time="4.181" /></testsuite></testsuites>