<?xml version="1.0" encoding="utf-8"?><testsuites name="pytest tests"><testsuite name="pytest" errors="0" failures="0" skipped="0" tests="26" time="4.408" timestamp="2026-04-06T17:51:06.801334+00:00" hostname="agent-env-9b6827d4-c718-40eb-a888-f3975238b6c6"><testcase classname="backend.tests.test_expense_management.TestExpenseListEndpoint" name="test_list_expenses_returns_200" time="0.185" /><testcase classname="backend.tests.test_expense_management.TestExpenseListEndpoint" name="test_list_expenses_returns_array" time="0.112" /><testcase classname="backend.tests.test_expense_management.TestExpenseListEndpoint" name="test_list_expenses_has_seeded_data" time="0.146" /><testcase classname="backend.tests.test_expense_management.TestExpenseListEndpoint" name="test_expense_has_required_fields" time="0.140" /><testcase classname="backend.tests.test_expense_management.TestExpenseCreateEndpoint" name="test_create_expense_returns_201_or_200" time="0.149" /><testcase classname="backend.tests.test_expense_management.TestExpenseCreateEndpoint" name="test_create_expense_auto_generates_id" time="0.131" /><testcase classname="backend.tests.test_expense_management.TestExpenseCreateEndpoint" name="test_create_expense_auto_sets_pending_status" time="0.106" /><testcase classname="backend.tests.test_expense_management.TestExpenseCreateEndpoint" name="test_create_expense_auto_sets_created_at" time="0.114" /><testcase classname="backend.tests.test_expense_management.TestExpenseCreateEndpoint" name="test_create_expense_persists_in_database" time="0.240" /><testcase classname="backend.tests.test_expense_management.TestExpenseApproveEndpoint" name="test_approve_expense_updates_status" time="0.220" /><testcase classname="backend.tests.test_expense_management.TestExpenseApproveEndpoint" name="test_approve_expense_sets_approved_by" time="0.362" /><testcase classname="backend.tests.test_expense_management.TestExpenseApproveEndpoint" name="test_approve_nonexistent_expense_returns_error" time="0.114" /><testcase classname="backend.tests.test_expense_management.TestExpenseRejectEndpoint" name="test_reject_expense_updates_status" time="0.515" /><testcase classname="backend.tests.test_expense_management.TestExpenseRejectEndpoint" name="test_reject_nonexistent_expense_returns_error" time="0.131" /><testcase classname="backend.tests.test_expense_management.TestExpenseSummaryEndpoint" name="test_summary_returns_200" time="0.108" /><testcase classname="backend.tests.test_expense_management.TestExpenseSummaryEndpoint" name="test_summary_has_total_by_category" time="0.110" /><testcase classname="backend.tests.test_expense_management.TestExpenseSummaryEndpoint" name="test_summary_has_total_by_status" time="0.192" /><testcase classname="backend.tests.test_expense_management.TestExpenseSummaryEndpoint" name="test_summary_has_pending_amount" time="0.113" /><testcase classname="backend.tests.test_expense_management.TestExpenseSummaryEndpoint" name="test_summary_has_approved_amount" time="0.134" /><testcase classname="backend.tests.test_expense_management.TestExpenseSummaryEndpoint" name="test_summary_has_total_expenses_count" time="0.127" /><testcase classname="backend.tests.test_expense_management.TestExpenseSummaryEndpoint" name="test_summary_category_structure" time="0.134" /><testcase classname="backend.tests.test_expense_management.TestExpenseByEmployeeEndpoint" name="test_by_employee_returns_200" time="0.115" /><testcase classname="backend.tests.test_expense_management.TestExpenseByEmployeeEndpoint" name="test_by_employee_returns_filtered_results" time="0.130" /><testcase classname="backend.tests.test_expense_management.TestExpenseByEmployeeEndpoint" name="test_by_employee_nonexistent_returns_empty" time="0.108" /><testcase classname="backend.tests.test_expense_management.TestExpenseDataIntegrity" name="test_approved_expense_has_approved_date" time="0.195" /><testcase classname="backend.tests.test_expense_management.TestExpenseDataIntegrity" name="test_seeded_data_has_variety" time="0.177" /></testsuite></testsuites>