<?xml version="1.0" encoding="utf-8"?><testsuites name="pytest tests"><testsuite name="pytest" errors="0" failures="0" skipped="0" tests="11" time="20.990" timestamp="2026-04-06T10:04:58.107351+00:00" hostname="agent-env-9b6827d4-c718-40eb-a888-f3975238b6c6"><testcase classname="backend.tests.test_ai_parse_prompt.TestAIParsePrompt" name="test_health_check" time="0.233" /><testcase classname="backend.tests.test_ai_parse_prompt.TestAIParsePrompt" name="test_parse_purchase_order_prompt" time="3.729" /><testcase classname="backend.tests.test_ai_parse_prompt.TestAIParsePrompt" name="test_parse_sales_order_prompt" time="4.844" /><testcase classname="backend.tests.test_ai_parse_prompt.TestAIParsePrompt" name="test_parse_journal_entry_prompt" time="3.367" /><testcase classname="backend.tests.test_ai_parse_prompt.TestAIParsePrompt" name="test_parse_work_order_prompt" time="2.944" /><testcase classname="backend.tests.test_ai_parse_prompt.TestAIParsePrompt" name="test_parse_crm_lead_prompt" time="2.898" /><testcase classname="backend.tests.test_ai_parse_prompt.TestAIParsePrompt" name="test_parse_empty_prompt_returns_error" time="0.101" /><testcase classname="backend.tests.test_ai_parse_prompt.TestAIParsePrompt" name="test_master_data_in_response" time="2.473" /><testcase classname="backend.tests.test_ai_parse_prompt.TestExistingSeededData" name="test_purchase_orders_count" time="0.115" /><testcase classname="backend.tests.test_ai_parse_prompt.TestExistingSeededData" name="test_sales_orders_count" time="0.100" /><testcase classname="backend.tests.test_ai_parse_prompt.TestExistingSeededData" name="test_trial_balance_is_balanced" time="0.104" /></testsuite></testsuites>