<?xml version="1.0" encoding="utf-8"?><testsuites name="pytest tests"><testsuite name="pytest" errors="0" failures="1" skipped="0" tests="30" time="16.088" timestamp="2026-04-06T16:56:30.705281+00:00" hostname="agent-env-9b6827d4-c718-40eb-a888-f3975238b6c6"><testcase classname="backend.tests.test_kairos_ai_engine_v2.TestLLMProviders" name="test_providers_returns_three_providers" time="0.278" /><testcase classname="backend.tests.test_kairos_ai_engine_v2.TestLLMProviders" name="test_providers_have_correct_structure" time="0.122" /><testcase classname="backend.tests.test_kairos_ai_engine_v2.TestLLMProviders" name="test_groq_is_primary_provider" time="0.146" /><testcase classname="backend.tests.test_kairos_ai_engine_v2.TestLLMProviders" name="test_fallback_order_is_correct" time="0.157" /><testcase classname="backend.tests.test_kairos_ai_engine_v2.TestAsyncChatArchitecture" name="test_chat_returns_task_id_instantly" time="0.132" /><testcase classname="backend.tests.test_kairos_ai_engine_v2.TestAsyncChatArchitecture" name="test_task_polling_returns_status" time="0.259" /><testcase classname="backend.tests.test_kairos_ai_engine_v2.TestAsyncChatArchitecture" name="test_task_completes_with_iterations_count" time="1.733" /><testcase classname="backend.tests.test_kairos_ai_engine_v2.TestAsyncChatArchitecture" name="test_simple_question_completes_in_one_step" time="1.764" /><testcase classname="backend.tests.test_kairos_ai_engine_v2.TestAsyncChatArchitecture" name="test_invalid_task_id_returns_404" time="0.107" /><testcase classname="backend.tests.test_kairos_ai_engine_v2.TestAsyncChatArchitecture" name="test_task_returns_steps_array" time="1.754" /><testcase classname="backend.tests.test_kairos_ai_engine_v2.TestSessionManagement" name="test_create_session" time="0.111" /><testcase classname="backend.tests.test_kairos_ai_engine_v2.TestSessionManagement" name="test_list_sessions" time="0.144" /><testcase classname="backend.tests.test_kairos_ai_engine_v2.TestSessionManagement" name="test_get_session_by_id" time="0.233" /><testcase classname="backend.tests.test_kairos_ai_engine_v2.TestSessionManagement" name="test_delete_session" time="0.358" /><testcase classname="backend.tests.test_kairos_ai_engine_v2.TestSessionManagement" name="test_session_not_found_returns_404" time="0.112" /><testcase classname="backend.tests.test_kairos_ai_engine_v2.TestURLCrawling" name="test_crawl_url_success" time="0.193"><failure message="AssertionError: assert 'error' == 'ok'&#10;  &#10;  - ok&#10;  + error">backend/tests/test_kairos_ai_engine_v2.py:244: in test_crawl_url_success
    assert data["status"] == "ok"
E   AssertionError: assert 'error' == 'ok'
E     
E     - ok
E     + error</failure></testcase><testcase classname="backend.tests.test_kairos_ai_engine_v2.TestURLCrawling" name="test_crawl_url_missing_url" time="0.113" /><testcase classname="backend.tests.test_kairos_ai_engine_v2.TestURLCrawling" name="test_crawl_url_adds_https_prefix" time="0.278" /><testcase classname="backend.tests.test_kairos_ai_engine_v2.TestCodingEndpoints" name="test_list_backend_files" time="0.114" /><testcase classname="backend.tests.test_kairos_ai_engine_v2.TestCodingEndpoints" name="test_read_file" time="0.131" /><testcase classname="backend.tests.test_kairos_ai_engine_v2.TestCodingEndpoints" name="test_read_file_blocked_path" time="0.131" /><testcase classname="backend.tests.test_kairos_ai_engine_v2.TestTestingEndpoints" name="test_run_full_health_check" time="0.117" /><testcase classname="backend.tests.test_kairos_ai_engine_v2.TestTestingEndpoints" name="test_run_tb_balance" time="0.124" /><testcase classname="backend.tests.test_kairos_ai_engine_v2.TestTestingEndpoints" name="test_run_collection_stats" time="0.125" /><testcase classname="backend.tests.test_kairos_ai_engine_v2.TestAgenticLoopMultiStep" name="test_complex_task_uses_multiple_steps" time="6.619" /><testcase classname="backend.tests.test_kairos_ai_engine_v2.TestChatModes" name="test_auto_mode" time="0.126" /><testcase classname="backend.tests.test_kairos_ai_engine_v2.TestChatModes" name="test_ba_mode" time="0.120" /><testcase classname="backend.tests.test_kairos_ai_engine_v2.TestChatModes" name="test_dev_mode" time="0.119" /><testcase classname="backend.tests.test_kairos_ai_engine_v2.TestChatModes" name="test_qa_mode" time="0.113" /><testcase classname="backend.tests.test_kairos_ai_engine_v2.TestChatModes" name="test_empty_message_returns_400" time="0.117" /></testsuite></testsuites>