<?xml version="1.0" encoding="utf-8"?><testsuites name="pytest tests"><testsuite name="pytest" errors="0" failures="0" skipped="0" tests="21" time="41.492" timestamp="2026-04-06T06:57:38.848038+00:00" hostname="agent-env-9b6827d4-c718-40eb-a888-f3975238b6c6"><testcase classname="backend.tests.test_journal_admin_ai.TestHealthCheck" name="test_api_health" time="0.140" /><testcase classname="backend.tests.test_journal_admin_ai.TestManualJournalEntries" name="test_create_balanced_journal_entry" time="0.115" /><testcase classname="backend.tests.test_journal_admin_ai.TestManualJournalEntries" name="test_create_unbalanced_journal_entry_fails" time="0.096" /><testcase classname="backend.tests.test_journal_admin_ai.TestManualJournalEntries" name="test_list_journal_entries" time="0.111" /><testcase classname="backend.tests.test_journal_admin_ai.TestManualJournalEntries" name="test_list_journal_entries_with_filter" time="0.124" /><testcase classname="backend.tests.test_journal_admin_ai.TestManualJournalEntries" name="test_post_journal_entry" time="0.256" /><testcase classname="backend.tests.test_journal_admin_ai.TestManualJournalEntries" name="test_post_already_posted_entry_fails" time="0.300" /><testcase classname="backend.tests.test_journal_admin_ai.TestManualJournalEntries" name="test_post_nonexistent_entry_fails" time="0.099" /><testcase classname="backend.tests.test_journal_admin_ai.TestAdminDataTables" name="test_list_all_tables" time="0.100" /><testcase classname="backend.tests.test_journal_admin_ai.TestAdminDataTables" name="test_get_table_data" time="0.211" /><testcase classname="backend.tests.test_journal_admin_ai.TestAdminDataTables" name="test_get_table_data_with_pagination" time="0.209" /><testcase classname="backend.tests.test_journal_admin_ai.TestAdminDataTables" name="test_get_table_data_with_search" time="0.209" /><testcase classname="backend.tests.test_journal_admin_ai.TestAdminDataTables" name="test_export_table_csv" time="0.196" /><testcase classname="backend.tests.test_journal_admin_ai.TestAdminDataTables" name="test_export_empty_table" time="0.096" /><testcase classname="backend.tests.test_journal_admin_ai.TestUniversalAIPrompt" name="test_universal_prompt_basic" time="7.728" /><testcase classname="backend.tests.test_journal_admin_ai.TestUniversalAIPrompt" name="test_universal_prompt_crm" time="10.323" /><testcase classname="backend.tests.test_journal_admin_ai.TestUniversalAIPrompt" name="test_universal_prompt_accounting" time="10.963" /><testcase classname="backend.tests.test_journal_admin_ai.TestTransactionPrompt" name="test_transaction_prompt" time="3.954" /><testcase classname="backend.tests.test_journal_admin_ai.TestTransactionPrompt" name="test_transaction_prompt_with_gst" time="5.946" /><testcase classname="backend.tests.test_journal_admin_ai.TestSidebarNavigation" name="test_journal_entries_route_exists" time="0.119" /><testcase classname="backend.tests.test_journal_admin_ai.TestSidebarNavigation" name="test_admin_tables_route_exists" time="0.105" /></testsuite></testsuites>