<?xml version="1.0" encoding="utf-8"?><testsuites name="pytest tests"><testsuite name="pytest" errors="0" failures="0" skipped="1" tests="44" time="4.789" timestamp="2026-04-06T11:36:59.339759+00:00" hostname="agent-env-9b6827d4-c718-40eb-a888-f3975238b6c6"><testcase classname="tests.test_gst_rules.TestGSTStates" name="test_get_all_states_returns_36_entries" time="0.123" /><testcase classname="tests.test_gst_rules.TestGSTStates" name="test_states_have_required_fields" time="0.101" /><testcase classname="tests.test_gst_rules.TestGSTStates" name="test_maharashtra_state_code_27" time="0.104" /><testcase classname="tests.test_gst_rules.TestGSTStates" name="test_chandigarh_is_ut_with_utgst" time="0.108" /><testcase classname="tests.test_gst_rules.TestGSTStates" name="test_delhi_is_ut_without_utgst" time="0.107" /><testcase classname="tests.test_gst_rules.TestGSTStates" name="test_ladakh_is_ut_with_utgst" time="0.114" /><testcase classname="tests.test_gst_rules.TestGSTStateResolution" name="test_resolve_by_gst_code" time="0.109" /><testcase classname="tests.test_gst_rules.TestGSTStateResolution" name="test_resolve_by_name" time="0.095" /><testcase classname="tests.test_gst_rules.TestGSTStateResolution" name="test_resolve_by_alpha_code" time="0.100" /><testcase classname="tests.test_gst_rules.TestGSTStateResolution" name="test_resolve_by_lowercase_name" time="0.101" /><testcase classname="tests.test_gst_rules.TestGSTStateResolution" name="test_resolve_invalid_state_returns_404" time="0.101" /><testcase classname="tests.test_gst_rules.TestGSTComputeTax" name="test_intra_state_maharashtra_cgst_sgst" time="0.096" /><testcase classname="tests.test_gst_rules.TestGSTComputeTax" name="test_inter_state_maharashtra_to_gujarat_igst" time="0.095" /><testcase classname="tests.test_gst_rules.TestGSTComputeTax" name="test_intra_ut_chandigarh_cgst_utgst" time="0.098" /><testcase classname="tests.test_gst_rules.TestGSTComputeTax" name="test_inter_state_from_ut_chandigarh_to_maharashtra_igst" time="0.097" /><testcase classname="tests.test_gst_rules.TestGSTComputeTax" name="test_intra_ut_ladakh_cgst_utgst" time="0.104" /><testcase classname="tests.test_gst_rules.TestGSTComputeTax" name="test_intra_ut_delhi_cgst_sgst" time="0.112" /><testcase classname="tests.test_gst_rules.TestGSTComputeTax" name="test_compute_tax_missing_states_returns_400" time="0.095" /><testcase classname="tests.test_gst_rules.TestGSTComputeTax" name="test_compute_tax_with_state_codes" time="0.099" /><testcase classname="tests.test_gst_rules.TestGSTComputeLineItems" name="test_multi_item_tax_computation" time="0.099" /><testcase classname="tests.test_gst_rules.TestGSTComputeLineItems" name="test_multi_item_intra_state" time="0.108" /><testcase classname="tests.test_gst_rules.TestGSTComputeLineItems" name="test_compute_line_items_missing_items_returns_400" time="0.111" /><testcase classname="tests.test_gst_rules.TestGSTValidateHSN" name="test_valid_hsn_2_digit" time="0.096" /><testcase classname="tests.test_gst_rules.TestGSTValidateHSN" name="test_valid_hsn_4_digit" time="0.099" /><testcase classname="tests.test_gst_rules.TestGSTValidateHSN" name="test_valid_hsn_8_digit" time="0.104" /><testcase classname="tests.test_gst_rules.TestGSTValidateHSN" name="test_valid_sac_code" time="0.092" /><testcase classname="tests.test_gst_rules.TestGSTValidateHSN" name="test_valid_sac_6_digit" time="0.119" /><testcase classname="tests.test_gst_rules.TestGSTValidateHSN" name="test_invalid_hsn_1_digit" time="0.107" /><testcase classname="tests.test_gst_rules.TestGSTValidateHSN" name="test_invalid_hsn_9_digit" time="0.102" /><testcase classname="tests.test_gst_rules.TestGSTValidateHSN" name="test_invalid_hsn_non_numeric" time="0.102" /><testcase classname="tests.test_gst_rules.TestGSTValidateHSN" name="test_empty_hsn_code" time="0.102" /><testcase classname="tests.test_gst_rules.TestGSTRateSlabs" name="test_get_rate_slabs" time="0.111" /><testcase classname="tests.test_gst_rules.TestGSTRateSlabs" name="test_rate_slabs_have_descriptions" time="0.114" /><testcase classname="tests.test_gst_rules.TestPurchaseOrderGSTIntegration" name="test_po_with_gujarat_vendor_from_maharashtra_igst" time="0.103" /><testcase classname="tests.test_gst_rules.TestPurchaseOrderGSTIntegration" name="test_po_with_maharashtra_vendor_from_maharashtra_cgst_sgst" time="0.099" /><testcase classname="tests.test_gst_rules.TestSalesOrderGSTIntegration" name="test_so_with_inter_state_customer_igst" time="0.209" /><testcase classname="tests.test_gst_rules.TestMasterDataGSTFields" name="test_items_have_hsn_sac_and_gst_rate" time="0.101" /><testcase classname="tests.test_gst_rules.TestMasterDataGSTFields" name="test_entities_have_gst_state_code" time="0.097" /><testcase classname="tests.test_gst_rules.TestSpecificVendorStates" name="test_ineos_india_is_gujarat" time="0.114" /><testcase classname="tests.test_gst_rules.TestSpecificVendorStates" name="test_lanxess_india_is_maharashtra" time="0.098" /><testcase classname="tests.test_gst_rules.TestSpecificVendorStates" name="test_motherson_sumi_is_uttar_pradesh" time="0.102"><skipped type="pytest.skip" message="Motherson Sumi Systems vendor not found">/app/backend/tests/test_gst_rules.py:649: Motherson Sumi Systems vendor not found</skipped></testcase><testcase classname="tests.test_gst_rules.TestSpecificItemHSN" name="test_rm_bpa_has_hsn_2907" time="0.095" /><testcase classname="tests.test_gst_rules.TestSpecificItemHSN" name="test_rm_mdi_has_hsn_2929" time="0.115" /><testcase classname="tests.test_gst_rules.TestSpecificItemHSN" name="test_ep_1000_has_hsn_3907" time="0.096" /></testsuite></testsuites>