<?xml version="1.0" encoding="utf-8"?><testsuites name="pytest tests"><testsuite name="pytest" errors="0" failures="0" skipped="0" tests="26" time="10.048" timestamp="2026-04-06T11:53:19.854811+00:00" hostname="agent-env-9b6827d4-c718-40eb-a888-f3975238b6c6"><testcase classname="backend.tests.test_statutory_returns.TestGSTR1" name="test_gstr1_endpoint_returns_200" time="0.232" /><testcase classname="backend.tests.test_statutory_returns.TestGSTR1" name="test_gstr1_has_required_structure" time="0.113" /><testcase classname="backend.tests.test_statutory_returns.TestGSTR1" name="test_gstr1_has_b2b_b2c_hsn_sections" time="0.110" /><testcase classname="backend.tests.test_statutory_returns.TestGSTR1" name="test_gstr1_summary_has_tax_split" time="0.098" /><testcase classname="backend.tests.test_statutory_returns.TestGSTR1" name="test_gstr1_invoice_has_supply_type" time="0.115" /><testcase classname="backend.tests.test_statutory_returns.TestGSTR3B" name="test_gstr3b_endpoint_returns_200" time="0.149" /><testcase classname="backend.tests.test_statutory_returns.TestGSTR3B" name="test_gstr3b_has_required_structure" time="0.163" /><testcase classname="backend.tests.test_statutory_returns.TestGSTR3B" name="test_gstr3b_has_sections_31_32_4_61" time="0.152" /><testcase classname="backend.tests.test_statutory_returns.TestGSTR3B" name="test_gstr3b_summary_has_net_payable" time="0.099" /><testcase classname="backend.tests.test_statutory_returns.TestGSTR3B" name="test_gstr3b_itc_has_tax_components" time="0.099" /><testcase classname="backend.tests.test_statutory_returns.TestEInvoice" name="test_e_invoices_endpoint_returns_200" time="0.105" /><testcase classname="backend.tests.test_statutory_returns.TestEInvoice" name="test_e_invoices_has_required_structure" time="0.100" /><testcase classname="backend.tests.test_statutory_returns.TestEInvoice" name="test_e_invoice_has_irn_hash" time="0.115" /><testcase classname="backend.tests.test_statutory_returns.TestEInvoice" name="test_e_invoice_json_endpoint" time="0.094" /><testcase classname="backend.tests.test_statutory_returns.TestEInvoice" name="test_e_invoice_json_404_for_invalid" time="0.114" /><testcase classname="backend.tests.test_statutory_returns.TestTDSReturn" name="test_tds_return_endpoint_returns_200" time="0.095" /><testcase classname="backend.tests.test_statutory_returns.TestTDSReturn" name="test_tds_return_has_required_structure" time="0.101" /><testcase classname="backend.tests.test_statutory_returns.TestTDSReturn" name="test_tds_return_summary_has_totals" time="0.104" /><testcase classname="backend.tests.test_statutory_returns.TestTDSReturn" name="test_tds_deductee_has_required_fields" time="0.122" /><testcase classname="backend.tests.test_statutory_returns.TestHSNSuggest" name="test_hsn_suggest_endpoint_exists" time="4.351" /><testcase classname="backend.tests.test_statutory_returns.TestHSNSuggest" name="test_hsn_suggest_requires_description" time="0.116" /><testcase classname="backend.tests.test_statutory_returns.TestHSNSuggest" name="test_hsn_suggest_for_chemical" time="1.454" /><testcase classname="backend.tests.test_statutory_returns.TestHSNSuggest" name="test_hsn_suggest_for_service" time="1.423" /><testcase classname="backend.tests.test_statutory_returns.TestExportEndpoints" name="test_gstr1_export_csv" time="0.114" /><testcase classname="backend.tests.test_statutory_returns.TestExportEndpoints" name="test_gstr3b_export_json" time="0.097" /><testcase classname="backend.tests.test_statutory_returns.TestExportEndpoints" name="test_tds_return_export_csv" time="0.100" /></testsuite></testsuites>