<?xml version="1.0" encoding="utf-8"?><testsuites name="pytest tests"><testsuite name="pytest" errors="0" failures="0" skipped="0" tests="36" time="3.266" timestamp="2026-04-07T05:50:38.451525+00:00" hostname="agent-env-9b6827d4-c718-40eb-a888-f3975238b6c6"><testcase classname="backend.tests.test_iteration31_api_keys_bugfixes.TestApiKeysEndpoint" name="test_get_api_keys_returns_200" time="0.155" /><testcase classname="backend.tests.test_iteration31_api_keys_bugfixes.TestApiKeysEndpoint" name="test_get_api_keys_returns_all_4_providers" time="0.100" /><testcase classname="backend.tests.test_iteration31_api_keys_bugfixes.TestApiKeysEndpoint" name="test_get_api_keys_provider_structure" time="0.102" /><testcase classname="backend.tests.test_iteration31_api_keys_bugfixes.TestSetApiKeyEndpoint" name="test_set_api_key_returns_200" time="0.115" /><testcase classname="backend.tests.test_iteration31_api_keys_bugfixes.TestSetApiKeyEndpoint" name="test_set_api_key_returns_configured_true" time="0.097" /><testcase classname="backend.tests.test_iteration31_api_keys_bugfixes.TestSetApiKeyEndpoint" name="test_remove_api_key_returns_configured_false" time="0.104" /><testcase classname="backend.tests.test_iteration31_api_keys_bugfixes.TestSetApiKeyEndpoint" name="test_set_api_key_invalid_provider_returns_400" time="0.104" /><testcase classname="backend.tests.test_iteration31_api_keys_bugfixes.TestSetApiKeyEndpoint" name="test_set_api_key_all_providers" time="0.825" /><testcase classname="backend.tests.test_iteration31_api_keys_bugfixes.TestProvidersEndpointDirectKeys" name="test_get_providers_returns_200" time="0.089" /><testcase classname="backend.tests.test_iteration31_api_keys_bugfixes.TestProvidersEndpointDirectKeys" name="test_get_providers_has_direct_keys_field" time="0.103" /><testcase classname="backend.tests.test_iteration31_api_keys_bugfixes.TestProvidersEndpointDirectKeys" name="test_get_providers_shows_direct_provider_when_configured" time="0.301" /><testcase classname="backend.tests.test_iteration31_api_keys_bugfixes.TestFinancialStatementsPage" name="test_financial_statements_balance_sheet_endpoint" time="0.103" /><testcase classname="backend.tests.test_iteration31_api_keys_bugfixes.TestFinancialStatementsPage" name="test_financial_statements_profit_loss_endpoint" time="0.124" /><testcase classname="backend.tests.test_iteration31_api_keys_bugfixes.TestFinancialStatementsPage" name="test_financial_statements_trial_balance_endpoint" time="0.099" /><testcase classname="backend.tests.test_iteration31_api_keys_bugfixes.TestProjectsModulePage" name="test_projects_endpoint" time="0.099" /><testcase classname="backend.tests.test_iteration31_api_keys_bugfixes.TestProjectsModulePage" name="test_projects_health_dashboard_endpoint" time="0.104" /><testcase classname="backend.tests.test_iteration31_api_keys_bugfixes.TestTimesheetsPage" name="test_timesheets_endpoint" time="0.107" /><testcase classname="backend.tests.test_iteration31_api_keys_bugfixes.TestTimesheetsPage" name="test_timesheets_utilization_endpoint" time="0.114" /><testcase classname="backend.tests.test_iteration31_api_keys_bugfixes.TestTimesheetsPage" name="test_timesheets_consolidation_endpoint" time="0.106" /><testcase classname="backend.tests.test_iteration31_api_keys_bugfixes.TestTimesheetsPage" name="test_timesheets_employees_endpoint" time="0.101" /><testcase classname="backend.tests.test_iteration31_api_keys_bugfixes.TestRevenueRecognitionPage" name="test_revenue_recognition_page_exists" time="0.000" /><testcase classname="backend.tests.test_iteration31_api_keys_bugfixes.TestAIEnginePageApiKeysUI" name="test_ai_agents_sessions_endpoint" time="0.107" /><testcase classname="backend.tests.test_iteration31_api_keys_bugfixes.TestEngineSystemPromptUpgrade" name="test_system_prompt_has_reasoning_methodology" time="0.000" /><testcase classname="backend.tests.test_iteration31_api_keys_bugfixes.TestEngineSystemPromptUpgrade" name="test_system_prompt_has_debugging_discipline" time="0.000" /><testcase classname="backend.tests.test_iteration31_api_keys_bugfixes.TestEngineSystemPromptUpgrade" name="test_system_prompt_has_token_efficiency" time="0.000" /><testcase classname="backend.tests.test_iteration31_api_keys_bugfixes.TestDirectApiCallFunctions" name="test_call_claude_direct_function_exists" time="0.000" /><testcase classname="backend.tests.test_iteration31_api_keys_bugfixes.TestDirectApiCallFunctions" name="test_call_gpt_direct_function_exists" time="0.000" /><testcase classname="backend.tests.test_iteration31_api_keys_bugfixes.TestDirectApiCallFunctions" name="test_call_llm_includes_direct_providers_in_order" time="0.000" /><testcase classname="backend.tests.test_iteration31_api_keys_bugfixes.TestFrontendApiKeysUI" name="test_frontend_has_api_keys_button" time="0.000" /><testcase classname="backend.tests.test_iteration31_api_keys_bugfixes.TestFrontendApiKeysUI" name="test_frontend_has_api_keys_panel" time="0.000" /><testcase classname="backend.tests.test_iteration31_api_keys_bugfixes.TestFrontendApiKeysUI" name="test_frontend_has_save_api_key_function" time="0.000" /><testcase classname="backend.tests.test_iteration31_api_keys_bugfixes.TestFrontendApiKeysUI" name="test_frontend_has_remove_api_key_function" time="0.000" /><testcase classname="backend.tests.test_iteration31_api_keys_bugfixes.TestFrontendApiKeysUI" name="test_frontend_has_key_icon_import" time="0.000" /><testcase classname="backend.tests.test_iteration31_api_keys_bugfixes.TestFrontendBugFixes" name="test_financial_statements_uses_correct_api_url" time="0.000" /><testcase classname="backend.tests.test_iteration31_api_keys_bugfixes.TestFrontendBugFixes" name="test_projects_module_has_ok_checks" time="0.000" /><testcase classname="backend.tests.test_iteration31_api_keys_bugfixes.TestFrontendBugFixes" name="test_timesheets_page_has_ok_checks" time="0.000" /></testsuite></testsuites>