<?xml version="1.0" encoding="utf-8"?><testsuites name="pytest tests"><testsuite name="pytest" errors="0" failures="0" skipped="0" tests="30" time="2.374" timestamp="2026-04-06T19:43:18.111440+00:00" hostname="agent-env-9b6827d4-c718-40eb-a888-f3975238b6c6"><testcase classname="backend.tests.test_iteration25_web_search_screenshot.TestWebSearchTool" name="test_web_search_in_read_tools" time="0.001" /><testcase classname="backend.tests.test_iteration25_web_search_screenshot.TestWebSearchTool" name="test_web_search_tool_exists_in_execute_tool" time="0.000" /><testcase classname="backend.tests.test_iteration25_web_search_screenshot.TestWebSearchTool" name="test_web_search_documented_in_system_prompt" time="0.000" /><testcase classname="backend.tests.test_iteration25_web_search_screenshot.TestTakeScreenshotTool" name="test_take_screenshot_in_read_tools" time="0.000" /><testcase classname="backend.tests.test_iteration25_web_search_screenshot.TestTakeScreenshotTool" name="test_take_screenshot_tool_exists_in_execute_tool" time="0.001" /><testcase classname="backend.tests.test_iteration25_web_search_screenshot.TestTakeScreenshotTool" name="test_take_screenshot_documented_in_system_prompt" time="0.000" /><testcase classname="backend.tests.test_iteration25_web_search_screenshot.TestScreenshotServeEndpoint" name="test_screenshot_endpoint_exists" time="0.000" /><testcase classname="backend.tests.test_iteration25_web_search_screenshot.TestScreenshotServeEndpoint" name="test_screenshot_endpoint_returns_200_for_existing_file" time="0.176" /><testcase classname="backend.tests.test_iteration25_web_search_screenshot.TestScreenshotServeEndpoint" name="test_screenshot_endpoint_returns_400_for_nonexistent_file" time="0.119" /><testcase classname="backend.tests.test_iteration25_web_search_screenshot.TestScreenshotServeEndpoint" name="test_screenshot_endpoint_validates_filename_format" time="0.298" /><testcase classname="backend.tests.test_iteration25_web_search_screenshot.TestAgentsChatEndpoint" name="test_chat_endpoint_returns_task_id" time="0.103" /><testcase classname="backend.tests.test_iteration25_web_search_screenshot.TestAgentsChatEndpoint" name="test_chat_endpoint_accepts_session_id" time="0.247" /><testcase classname="backend.tests.test_iteration25_web_search_screenshot.TestAgentsTaskPolling" name="test_task_polling_returns_thinking_fields" time="1.218" /><testcase classname="backend.tests.test_iteration25_web_search_screenshot.TestAgentsTaskPolling" name="test_task_not_found_returns_404" time="0.117" /><testcase classname="backend.tests.test_iteration25_web_search_screenshot.TestToolIconsAndColors" name="test_web_search_icon_defined" time="0.000" /><testcase classname="backend.tests.test_iteration25_web_search_screenshot.TestToolIconsAndColors" name="test_take_screenshot_icon_defined" time="0.000" /><testcase classname="backend.tests.test_iteration25_web_search_screenshot.TestToolIconsAndColors" name="test_web_search_color_defined" time="0.000" /><testcase classname="backend.tests.test_iteration25_web_search_screenshot.TestToolIconsAndColors" name="test_take_screenshot_color_defined" time="0.000" /><testcase classname="backend.tests.test_iteration25_web_search_screenshot.TestFrontendBadgesAndFooter" name="test_badge_shows_21_tools" time="0.000" /><testcase classname="backend.tests.test_iteration25_web_search_screenshot.TestFrontendBadgesAndFooter" name="test_footer_shows_21_tools" time="0.000" /><testcase classname="backend.tests.test_iteration25_web_search_screenshot.TestFrontendBadgesAndFooter" name="test_footer_shows_web_search" time="0.000" /><testcase classname="backend.tests.test_iteration25_web_search_screenshot.TestFrontendBadgesAndFooter" name="test_footer_shows_screenshots" time="0.000" /><testcase classname="backend.tests.test_iteration25_web_search_screenshot.TestFrontendBadgesAndFooter" name="test_header_subtitle_shows_21_tools" time="0.000" /><testcase classname="backend.tests.test_iteration25_web_search_screenshot.TestToolResultCardEnhancements" name="test_tool_result_card_handles_web_search" time="0.000" /><testcase classname="backend.tests.test_iteration25_web_search_screenshot.TestToolResultCardEnhancements" name="test_tool_result_card_handles_take_screenshot" time="0.000" /><testcase classname="backend.tests.test_iteration25_web_search_screenshot.TestToolResultCardEnhancements" name="test_web_search_results_have_clickable_links" time="0.000" /><testcase classname="backend.tests.test_iteration25_web_search_screenshot.TestToolResultCardEnhancements" name="test_screenshot_preview_uses_img_tag" time="0.000" /><testcase classname="backend.tests.test_iteration25_web_search_screenshot.TestLucideIconImports" name="test_globe_icon_imported" time="0.000" /><testcase classname="backend.tests.test_iteration25_web_search_screenshot.TestLucideIconImports" name="test_camera_icon_imported" time="0.000" /><testcase classname="backend.tests.test_iteration25_web_search_screenshot.TestLucideIconImports" name="test_eye_icon_imported" time="0.000" /></testsuite></testsuites>