<?xml version="1.0" encoding="utf-8"?><testsuites name="pytest tests"><testsuite name="pytest" errors="0" failures="0" skipped="0" tests="22" time="2.476" timestamp="2026-04-06T08:42:25.511914+00:00" hostname="agent-env-9b6827d4-c718-40eb-a888-f3975238b6c6"><testcase classname="backend.tests.test_gstin_pan_csv_validation.TestGSTINValidation" name="test_valid_gstin_maharashtra_company" time="0.293" /><testcase classname="backend.tests.test_gstin_pan_csv_validation.TestGSTINValidation" name="test_valid_gstin_delhi_company" time="0.103" /><testcase classname="backend.tests.test_gstin_pan_csv_validation.TestGSTINValidation" name="test_invalid_gstin_format" time="0.102" /><testcase classname="backend.tests.test_gstin_pan_csv_validation.TestGSTINValidation" name="test_invalid_gstin_wrong_length" time="0.092" /><testcase classname="backend.tests.test_gstin_pan_csv_validation.TestGSTINValidation" name="test_invalid_gstin_bad_state_code" time="0.109" /><testcase classname="backend.tests.test_gstin_pan_csv_validation.TestPANValidation" name="test_valid_pan_company" time="0.099" /><testcase classname="backend.tests.test_gstin_pan_csv_validation.TestPANValidation" name="test_valid_pan_individual" time="0.097" /><testcase classname="backend.tests.test_gstin_pan_csv_validation.TestPANValidation" name="test_valid_pan_firm" time="0.098" /><testcase classname="backend.tests.test_gstin_pan_csv_validation.TestPANValidation" name="test_invalid_pan_format" time="0.098" /><testcase classname="backend.tests.test_gstin_pan_csv_validation.TestPANValidation" name="test_invalid_pan_wrong_length" time="0.107" /><testcase classname="backend.tests.test_gstin_pan_csv_validation.TestEntityCreationWithGSTIN" name="test_create_entity_with_valid_gstin_extracts_pan" time="0.099" /><testcase classname="backend.tests.test_gstin_pan_csv_validation.TestEntityCreationWithGSTIN" name="test_create_entity_with_invalid_gstin" time="0.092" /><testcase classname="backend.tests.test_gstin_pan_csv_validation.TestEntityCreationWithGSTIN" name="test_create_entity_with_pan_only" time="0.101" /><testcase classname="backend.tests.test_gstin_pan_csv_validation.TestCSVValidation" name="test_csv_validation_unbalanced_journals" time="0.105" /><testcase classname="backend.tests.test_gstin_pan_csv_validation.TestCSVValidation" name="test_csv_validation_missing_headers" time="0.096" /><testcase classname="backend.tests.test_gstin_pan_csv_validation.TestCSVValidation" name="test_csv_validation_non_numeric_values" time="0.096" /><testcase classname="backend.tests.test_gstin_pan_csv_validation.TestCSVValidation" name="test_csv_validation_invalid_date_format" time="0.095" /><testcase classname="backend.tests.test_gstin_pan_csv_validation.TestCSVValidation" name="test_csv_validation_valid_balanced_journals" time="0.096" /><testcase classname="backend.tests.test_gstin_pan_csv_validation.TestCSVValidation" name="test_csv_validation_purchases_module" time="0.101" /><testcase classname="backend.tests.test_gstin_pan_csv_validation.TestCSVValidation" name="test_csv_validation_empty_csv" time="0.102" /><testcase classname="backend.tests.test_gstin_pan_csv_validation.TestCSVValidation" name="test_csv_validation_coa_cross_check_warning" time="0.107" /><testcase classname="backend.tests.test_gstin_pan_csv_validation.TestAPIHealth" name="test_api_health" time="0.093" /></testsuite></testsuites>