<?xml version="1.0" encoding="utf-8"?><testsuites name="pytest tests"><testsuite name="pytest" errors="0" failures="0" skipped="0" tests="13" time="12.209" timestamp="2026-04-06T19:24:35.728964+00:00" hostname="agent-env-9b6827d4-c718-40eb-a888-f3975238b6c6"><testcase classname="backend.tests.test_iteration24_thinking_verify.TestAgentsChatEndpoint" name="test_chat_returns_task_id" time="0.252" /><testcase classname="backend.tests.test_iteration24_thinking_verify.TestAgentsChatEndpoint" name="test_chat_returns_status_queued" time="0.107" /><testcase classname="backend.tests.test_iteration24_thinking_verify.TestAgentsTaskPolling" name="test_task_polling_returns_thinking_fields_during_processing" time="0.531" /><testcase classname="backend.tests.test_iteration24_thinking_verify.TestAgentsTaskPolling" name="test_task_polling_thinking_status_has_thinking_text" time="0.469" /><testcase classname="backend.tests.test_iteration24_thinking_verify.TestAgentsTaskPolling" name="test_task_not_found_returns_404" time="0.127" /><testcase classname="backend.tests.test_iteration24_thinking_verify.TestAgentsProvidersEndpoint" name="test_providers_returns_200" time="0.108" /><testcase classname="backend.tests.test_iteration24_thinking_verify.TestAgentsProvidersEndpoint" name="test_providers_returns_3_providers" time="0.113" /><testcase classname="backend.tests.test_iteration24_thinking_verify.TestAgentsProvidersEndpoint" name="test_providers_include_groq_openrouter_claude" time="0.109" /><testcase classname="backend.tests.test_iteration24_thinking_verify.TestAgentsProvidersEndpoint" name="test_providers_have_fallback_order" time="0.109" /><testcase classname="backend.tests.test_iteration24_thinking_verify.TestAgentsSessionsEndpoint" name="test_sessions_returns_200" time="0.127" /><testcase classname="backend.tests.test_iteration24_thinking_verify.TestAgentsSessionsEndpoint" name="test_sessions_returns_list" time="0.105" /><testcase classname="backend.tests.test_iteration24_thinking_verify.TestVerifyDeploymentToolExists" name="test_verify_deployment_in_read_tools" time="2.356" /><testcase classname="backend.tests.test_iteration24_thinking_verify.TestStepsContainThinkingField" name="test_completed_task_steps_have_thinking_field" time="7.619" /></testsuite></testsuites>