<?xml version="1.0" encoding="utf-8"?><testsuites name="pytest tests"><testsuite name="pytest" errors="0" failures="0" skipped="0" tests="53" time="5.777" timestamp="2026-04-07T04:46:31.670985+00:00" hostname="agent-env-9b6827d4-c718-40eb-a888-f3975238b6c6"><testcase classname="backend.tests.test_iteration30_subagents_batch_imagegen.TestCallSubagentTool" name="test_call_subagent_tool_exists_in_code" time="0.001" /><testcase classname="backend.tests.test_iteration30_subagents_batch_imagegen.TestCallSubagentTool" name="test_call_subagent_in_read_tools" time="0.000" /><testcase classname="backend.tests.test_iteration30_subagents_batch_imagegen.TestCallSubagentTool" name="test_call_subagent_requires_agent_type_and_task" time="0.000" /><testcase classname="backend.tests.test_iteration30_subagents_batch_imagegen.TestCallSubagentTool" name="test_call_subagent_delegates_to_kairos_subagents" time="0.000" /><testcase classname="backend.tests.test_iteration30_subagents_batch_imagegen.TestKairosSubagentsModule" name="test_subagent_module_exists" time="0.000" /><testcase classname="backend.tests.test_iteration30_subagents_batch_imagegen.TestKairosSubagentsModule" name="test_tester_subagent_prompt_exists" time="0.000" /><testcase classname="backend.tests.test_iteration30_subagents_batch_imagegen.TestKairosSubagentsModule" name="test_designer_subagent_prompt_exists" time="0.000" /><testcase classname="backend.tests.test_iteration30_subagents_batch_imagegen.TestKairosSubagentsModule" name="test_integrator_subagent_prompt_exists" time="0.000" /><testcase classname="backend.tests.test_iteration30_subagents_batch_imagegen.TestKairosSubagentsModule" name="test_troubleshooter_subagent_prompt_exists" time="0.000" /><testcase classname="backend.tests.test_iteration30_subagents_batch_imagegen.TestKairosSubagentsModule" name="test_call_subagent_function_exists" time="0.000" /><testcase classname="backend.tests.test_iteration30_subagents_batch_imagegen.TestKairosSubagentsModule" name="test_call_subagent_validates_agent_type" time="0.000" /><testcase classname="backend.tests.test_iteration30_subagents_batch_imagegen.TestKairosSubagentsModule" name="test_call_subagent_uses_claude_model" time="0.000" /><testcase classname="backend.tests.test_iteration30_subagents_batch_imagegen.TestBatchOperationsTool" name="test_batch_operations_tool_exists_in_code" time="0.000" /><testcase classname="backend.tests.test_iteration30_subagents_batch_imagegen.TestBatchOperationsTool" name="test_batch_operations_in_write_tools" time="0.000" /><testcase classname="backend.tests.test_iteration30_subagents_batch_imagegen.TestBatchOperationsTool" name="test_batch_operations_supports_create_action" time="0.000" /><testcase classname="backend.tests.test_iteration30_subagents_batch_imagegen.TestBatchOperationsTool" name="test_batch_operations_supports_delete_action" time="0.000" /><testcase classname="backend.tests.test_iteration30_subagents_batch_imagegen.TestBatchOperationsTool" name="test_batch_operations_supports_move_action" time="0.000" /><testcase classname="backend.tests.test_iteration30_subagents_batch_imagegen.TestBatchOperationsTool" name="test_batch_operations_supports_patch_action" time="0.000" /><testcase classname="backend.tests.test_iteration30_subagents_batch_imagegen.TestBatchOperationsTool" name="test_batch_operations_supports_read_action" time="0.000" /><testcase classname="backend.tests.test_iteration30_subagents_batch_imagegen.TestBatchOperationsTool" name="test_batch_operations_uses_asyncio_gather" time="0.000" /><testcase classname="backend.tests.test_iteration30_subagents_batch_imagegen.TestBatchOperationsTool" name="test_batch_operations_returns_succeeded_failed_count" time="0.000" /><testcase classname="backend.tests.test_iteration30_subagents_batch_imagegen.TestBatchOperationsTool" name="test_batch_operations_limits_to_20_ops" time="0.000" /><testcase classname="backend.tests.test_iteration30_subagents_batch_imagegen.TestGenerateImageTool" name="test_generate_image_tool_exists_in_code" time="0.000" /><testcase classname="backend.tests.test_iteration30_subagents_batch_imagegen.TestGenerateImageTool" name="test_generate_image_in_read_tools" time="0.000" /><testcase classname="backend.tests.test_iteration30_subagents_batch_imagegen.TestGenerateImageTool" name="test_generate_image_requires_prompt" time="0.000" /><testcase classname="backend.tests.test_iteration30_subagents_batch_imagegen.TestGenerateImageTool" name="test_generate_image_delegates_to_kairos_subagents" time="0.000" /><testcase classname="backend.tests.test_iteration30_subagents_batch_imagegen.TestGenerateImageFunction" name="test_generate_image_function_exists" time="0.000" /><testcase classname="backend.tests.test_iteration30_subagents_batch_imagegen.TestGenerateImageFunction" name="test_generate_image_uses_openai_image_generation" time="0.000" /><testcase classname="backend.tests.test_iteration30_subagents_batch_imagegen.TestGenerateImageFunction" name="test_generate_image_uses_gpt_image_1_model" time="0.000" /><testcase classname="backend.tests.test_iteration30_subagents_batch_imagegen.TestGenerateImageFunction" name="test_generate_image_saves_to_uploads_directory" time="0.000" /><testcase classname="backend.tests.test_iteration30_subagents_batch_imagegen.TestGenerateImageFunction" name="test_generate_image_returns_serve_url" time="0.000" /><testcase classname="backend.tests.test_iteration30_subagents_batch_imagegen.TestExpandedContext" name="test_system_prompt_mentions_30_tools" time="0.000" /><testcase classname="backend.tests.test_iteration30_subagents_batch_imagegen.TestFrontendNewTools" name="test_frontend_has_bot_icon_import" time="0.000" /><testcase classname="backend.tests.test_iteration30_subagents_batch_imagegen.TestFrontendNewTools" name="test_frontend_has_layers_icon_import" time="0.000" /><testcase classname="backend.tests.test_iteration30_subagents_batch_imagegen.TestFrontendNewTools" name="test_frontend_has_imageplus_icon_import" time="0.000" /><testcase classname="backend.tests.test_iteration30_subagents_batch_imagegen.TestFrontendNewTools" name="test_frontend_tool_icons_has_call_subagent" time="0.000" /><testcase classname="backend.tests.test_iteration30_subagents_batch_imagegen.TestFrontendNewTools" name="test_frontend_tool_icons_has_batch_operations" time="0.000" /><testcase classname="backend.tests.test_iteration30_subagents_batch_imagegen.TestFrontendNewTools" name="test_frontend_tool_icons_has_generate_image" time="0.000" /><testcase classname="backend.tests.test_iteration30_subagents_batch_imagegen.TestFrontendNewTools" name="test_frontend_tool_colors_has_call_subagent" time="0.000" /><testcase classname="backend.tests.test_iteration30_subagents_batch_imagegen.TestFrontendNewTools" name="test_frontend_tool_colors_has_batch_operations" time="0.000" /><testcase classname="backend.tests.test_iteration30_subagents_batch_imagegen.TestFrontendNewTools" name="test_frontend_tool_colors_has_generate_image" time="0.000" /><testcase classname="backend.tests.test_iteration30_subagents_batch_imagegen.TestFrontendNewTools" name="test_frontend_shows_30_tools_badge" time="0.000" /><testcase classname="backend.tests.test_iteration30_subagents_batch_imagegen.TestFrontendNewTools" name="test_frontend_header_shows_30_tools_4_subagents" time="0.000" /><testcase classname="backend.tests.test_iteration30_subagents_batch_imagegen.TestFrontendNewTools" name="test_frontend_footer_shows_30_tools_4_subagents" time="0.000" /><testcase classname="backend.tests.test_iteration30_subagents_batch_imagegen.TestToolResultCardSummaries" name="test_call_subagent_summary_in_tool_result_card" time="0.000" /><testcase classname="backend.tests.test_iteration30_subagents_batch_imagegen.TestToolResultCardSummaries" name="test_batch_operations_summary_in_tool_result_card" time="0.000" /><testcase classname="backend.tests.test_iteration30_subagents_batch_imagegen.TestToolResultCardSummaries" name="test_generate_image_summary_in_tool_result_card" time="0.000" /><testcase classname="backend.tests.test_iteration30_subagents_batch_imagegen.TestSubagentResponseDisplay" name="test_call_subagent_shows_bot_icon_in_expanded" time="0.000" /><testcase classname="backend.tests.test_iteration30_subagents_batch_imagegen.TestSubagentResponseDisplay" name="test_call_subagent_shows_agent_type_label" time="0.000" /><testcase classname="backend.tests.test_iteration30_subagents_batch_imagegen.TestGenerateImageDisplay" name="test_generate_image_shows_image_preview" time="0.000" /><testcase classname="backend.tests.test_iteration30_subagents_batch_imagegen.TestProvidersEndpoint" name="test_providers_returns_5_providers" time="5.481" /><testcase classname="backend.tests.test_iteration30_subagents_batch_imagegen.TestChatEndpoint" name="test_chat_endpoint_exists" time="0.167" /><testcase classname="backend.tests.test_iteration30_subagents_batch_imagegen.TestScreenshotEndpoint" name="test_screenshot_endpoint_pattern" time="0.000" /></testsuite></testsuites>