<?xml version="1.0" encoding="utf-8"?><testsuites name="pytest tests"><testsuite name="pytest" errors="0" failures="0" skipped="0" tests="58" time="14.991" timestamp="2026-04-07T04:14:05.339652+00:00" hostname="agent-env-9b6827d4-c718-40eb-a888-f3975238b6c6"><testcase classname="backend.tests.test_iteration29_new_tools.TestProvidersEndpoint" name="test_providers_returns_5_providers" time="0.262" /><testcase classname="backend.tests.test_iteration29_new_tools.TestRunCommandUpgrade" name="test_run_command_allows_rm" time="3.226" /><testcase classname="backend.tests.test_iteration29_new_tools.TestRunCommandUpgrade" name="test_run_command_allows_mv" time="2.196" /><testcase classname="backend.tests.test_iteration29_new_tools.TestRunCommandUpgrade" name="test_run_command_allows_cp" time="2.304" /><testcase classname="backend.tests.test_iteration29_new_tools.TestRunCommandUpgrade" name="test_run_command_blocks_rm_rf_root" time="0.000" /><testcase classname="backend.tests.test_iteration29_new_tools.TestDeleteFileTool" name="test_delete_file_tool_exists_in_code" time="0.000" /><testcase classname="backend.tests.test_iteration29_new_tools.TestDeleteFileTool" name="test_delete_file_in_write_tools" time="0.000" /><testcase classname="backend.tests.test_iteration29_new_tools.TestMoveFileTool" name="test_move_file_tool_exists_in_code" time="0.000" /><testcase classname="backend.tests.test_iteration29_new_tools.TestMoveFileTool" name="test_move_file_in_write_tools" time="0.000" /><testcase classname="backend.tests.test_iteration29_new_tools.TestManageEnvTool" name="test_manage_env_tool_exists_in_code" time="0.000" /><testcase classname="backend.tests.test_iteration29_new_tools.TestManageEnvTool" name="test_manage_env_read_action" time="0.000" /><testcase classname="backend.tests.test_iteration29_new_tools.TestManageEnvTool" name="test_manage_env_blocks_protected_keys" time="0.000" /><testcase classname="backend.tests.test_iteration29_new_tools.TestManageEnvTool" name="test_manage_env_in_write_tools" time="0.000" /><testcase classname="backend.tests.test_iteration29_new_tools.TestLintCodeTool" name="test_lint_code_tool_exists_in_code" time="0.000" /><testcase classname="backend.tests.test_iteration29_new_tools.TestLintCodeTool" name="test_lint_code_uses_ruff_for_python" time="0.000" /><testcase classname="backend.tests.test_iteration29_new_tools.TestLintCodeTool" name="test_lint_code_uses_eslint_for_js" time="0.000" /><testcase classname="backend.tests.test_iteration29_new_tools.TestLintCodeTool" name="test_lint_code_in_read_tools" time="0.000" /><testcase classname="backend.tests.test_iteration29_new_tools.TestCrawlUrlTool" name="test_crawl_url_tool_exists_in_code" time="0.000" /><testcase classname="backend.tests.test_iteration29_new_tools.TestCrawlUrlTool" name="test_crawl_url_strips_html" time="0.000" /><testcase classname="backend.tests.test_iteration29_new_tools.TestCrawlUrlTool" name="test_crawl_url_in_read_tools" time="0.000" /><testcase classname="backend.tests.test_iteration29_new_tools.TestGitInfoTool" name="test_git_info_tool_exists_in_code" time="0.000" /><testcase classname="backend.tests.test_iteration29_new_tools.TestGitInfoTool" name="test_git_info_supports_log_action" time="0.000" /><testcase classname="backend.tests.test_iteration29_new_tools.TestGitInfoTool" name="test_git_info_supports_status_action" time="0.000" /><testcase classname="backend.tests.test_iteration29_new_tools.TestGitInfoTool" name="test_git_info_supports_diff_action" time="0.000" /><testcase classname="backend.tests.test_iteration29_new_tools.TestGitInfoTool" name="test_git_info_in_read_tools" time="0.000" /><testcase classname="backend.tests.test_iteration29_new_tools.TestRunQueryUpgrade" name="test_run_query_supports_insert_one" time="0.000" /><testcase classname="backend.tests.test_iteration29_new_tools.TestRunQueryUpgrade" name="test_run_query_supports_insert_many" time="0.000" /><testcase classname="backend.tests.test_iteration29_new_tools.TestRunQueryUpgrade" name="test_run_query_supports_count" time="0.000" /><testcase classname="backend.tests.test_iteration29_new_tools.TestRunQueryUpgrade" name="test_run_query_supports_find" time="0.000" /><testcase classname="backend.tests.test_iteration29_new_tools.TestRunQueryUpgrade" name="test_run_query_supports_update_many" time="0.000" /><testcase classname="backend.tests.test_iteration29_new_tools.TestRunQueryUpgrade" name="test_run_query_supports_delete_many" time="0.000" /><testcase classname="backend.tests.test_iteration29_new_tools.TestRunQueryUpgrade" name="test_run_query_supports_aggregate" time="0.000" /><testcase classname="backend.tests.test_iteration29_new_tools.TestRunQueryUpgrade" name="test_run_query_supports_distinct" time="0.000" /><testcase classname="backend.tests.test_iteration29_new_tools.TestRunQueryUpgrade" name="test_run_query_supports_drop" time="0.000" /><testcase classname="backend.tests.test_iteration29_new_tools.TestInstallPackageYarn" name="test_install_package_supports_yarn" time="0.000" /><testcase classname="backend.tests.test_iteration29_new_tools.TestRestartServiceFrontend" name="test_restart_service_supports_frontend" time="0.000" /><testcase classname="backend.tests.test_iteration29_new_tools.TestFrontendToolIcons" name="test_frontend_has_trash_icon_for_delete_file" time="0.000" /><testcase classname="backend.tests.test_iteration29_new_tools.TestFrontendToolIcons" name="test_frontend_has_arrow_icon_for_move_file" time="0.000" /><testcase classname="backend.tests.test_iteration29_new_tools.TestFrontendToolIcons" name="test_frontend_has_settings_icon_for_manage_env" time="0.000" /><testcase classname="backend.tests.test_iteration29_new_tools.TestFrontendToolIcons" name="test_frontend_has_filecode_icon_for_lint_code" time="0.000" /><testcase classname="backend.tests.test_iteration29_new_tools.TestFrontendToolIcons" name="test_frontend_has_gitcommit_icon_for_git_info" time="0.000" /><testcase classname="backend.tests.test_iteration29_new_tools.TestFrontendToolIcons" name="test_frontend_shows_27_tools_badge" time="0.000" /><testcase classname="backend.tests.test_iteration29_new_tools.TestFrontendToolIcons" name="test_frontend_footer_shows_correct_text" time="0.000" /><testcase classname="backend.tests.test_iteration29_new_tools.TestToolResultCardSummaries" name="test_delete_file_summary" time="0.000" /><testcase classname="backend.tests.test_iteration29_new_tools.TestToolResultCardSummaries" name="test_move_file_summary" time="0.000" /><testcase classname="backend.tests.test_iteration29_new_tools.TestToolResultCardSummaries" name="test_manage_env_summary" time="0.000" /><testcase classname="backend.tests.test_iteration29_new_tools.TestToolResultCardSummaries" name="test_lint_code_summary" time="0.000" /><testcase classname="backend.tests.test_iteration29_new_tools.TestToolResultCardSummaries" name="test_crawl_url_summary" time="0.000" /><testcase classname="backend.tests.test_iteration29_new_tools.TestToolResultCardSummaries" name="test_git_info_summary" time="0.000" /><testcase classname="backend.tests.test_iteration29_new_tools.TestToolSets" name="test_write_tools_contains_delete_file" time="0.000" /><testcase classname="backend.tests.test_iteration29_new_tools.TestToolSets" name="test_write_tools_contains_move_file" time="0.000" /><testcase classname="backend.tests.test_iteration29_new_tools.TestToolSets" name="test_write_tools_contains_manage_env" time="0.000" /><testcase classname="backend.tests.test_iteration29_new_tools.TestToolSets" name="test_read_tools_contains_lint_code" time="0.000" /><testcase classname="backend.tests.test_iteration29_new_tools.TestToolSets" name="test_read_tools_contains_crawl_url" time="0.000" /><testcase classname="backend.tests.test_iteration29_new_tools.TestToolSets" name="test_read_tools_contains_git_info" time="0.000" /><testcase classname="backend.tests.test_iteration29_new_tools.TestRunCommandTimeout" name="test_run_command_timeout_120s" time="0.000" /><testcase classname="backend.tests.test_iteration29_new_tools.TestChatIntegration" name="test_chat_endpoint_works" time="2.404" /><testcase classname="backend.tests.test_iteration29_new_tools.TestChatIntegration" name="test_task_status_endpoint" time="4.461" /></testsuite></testsuites>