<?xml version="1.0" encoding="utf-8"?><testsuites name="pytest tests"><testsuite name="pytest" errors="0" failures="0" skipped="0" tests="26" time="117.381" timestamp="2026-04-06T14:15:49.692313+00:00" hostname="agent-env-9b6827d4-c718-40eb-a888-f3975238b6c6"><testcase classname="backend.tests.test_unified_ai_engine.TestSessionManagement" name="test_list_sessions_returns_200" time="0.313" /><testcase classname="backend.tests.test_unified_ai_engine.TestSessionManagement" name="test_create_session_auto_mode" time="0.130" /><testcase classname="backend.tests.test_unified_ai_engine.TestSessionManagement" name="test_create_session_ba_mode" time="0.120" /><testcase classname="backend.tests.test_unified_ai_engine.TestSessionManagement" name="test_create_session_dev_mode" time="0.122" /><testcase classname="backend.tests.test_unified_ai_engine.TestSessionManagement" name="test_create_session_qa_mode" time="0.113" /><testcase classname="backend.tests.test_unified_ai_engine.TestSessionManagement" name="test_get_session_by_id" time="0.221" /><testcase classname="backend.tests.test_unified_ai_engine.TestSessionManagement" name="test_get_nonexistent_session_returns_404" time="0.144" /><testcase classname="backend.tests.test_unified_ai_engine.TestSessionManagement" name="test_delete_session" time="0.355" /><testcase classname="backend.tests.test_unified_ai_engine.TestTestingQueries" name="test_full_health_check" time="0.141" /><testcase classname="backend.tests.test_unified_ai_engine.TestTestingQueries" name="test_tb_balance_query" time="0.109" /><testcase classname="backend.tests.test_unified_ai_engine.TestTestingQueries" name="test_collection_stats_query" time="0.106" /><testcase classname="backend.tests.test_unified_ai_engine.TestTestingQueries" name="test_entity_validation_query" time="0.114" /><testcase classname="backend.tests.test_unified_ai_engine.TestTestingQueries" name="test_project_health_query" time="0.108" /><testcase classname="backend.tests.test_unified_ai_engine.TestTestingQueries" name="test_invalid_query_type" time="0.140" /><testcase classname="backend.tests.test_unified_ai_engine.TestCodingFileAPIs" name="test_list_backend_files" time="0.110" /><testcase classname="backend.tests.test_unified_ai_engine.TestCodingFileAPIs" name="test_list_frontend_files" time="0.111" /><testcase classname="backend.tests.test_unified_ai_engine.TestCodingFileAPIs" name="test_read_server_file" time="0.106" /><testcase classname="backend.tests.test_unified_ai_engine.TestCodingFileAPIs" name="test_read_routes_agents_file" time="0.120" /><testcase classname="backend.tests.test_unified_ai_engine.TestCodingFileAPIs" name="test_blocked_env_file" time="0.118" /><testcase classname="backend.tests.test_unified_ai_engine.TestCodingFileAPIs" name="test_blocked_unauthorized_directory" time="0.121" /><testcase classname="backend.tests.test_unified_ai_engine.TestCodingFileAPIs" name="test_read_nonexistent_file" time="0.104" /><testcase classname="backend.tests.test_unified_ai_engine.TestChatEndpoint" name="test_chat_auto_mode_with_session" time="29.651" /><testcase classname="backend.tests.test_unified_ai_engine.TestChatEndpoint" name="test_chat_ba_mode" time="18.259" /><testcase classname="backend.tests.test_unified_ai_engine.TestChatEndpoint" name="test_chat_qa_mode" time="22.194" /><testcase classname="backend.tests.test_unified_ai_engine.TestChatEndpoint" name="test_chat_missing_message_returns_400" time="0.257" /><testcase classname="backend.tests.test_unified_ai_engine.TestChatEndpoint" name="test_chat_with_file_context" time="43.873" /></testsuite></testsuites>