<?xml version="1.0" encoding="utf-8"?><testsuites name="pytest tests"><testsuite name="pytest" errors="0" failures="2" skipped="0" tests="17" time="7.007" timestamp="2026-04-06T16:04:27.838615+00:00" hostname="agent-env-9b6827d4-c718-40eb-a888-f3975238b6c6"><testcase classname="backend.tests.test_iteration19_bank_recon_providers.TestLLMProviders" name="test_get_providers_returns_three_providers" time="0.260" /><testcase classname="backend.tests.test_iteration19_bank_recon_providers.TestLLMProviders" name="test_providers_have_correct_structure" time="0.137" /><testcase classname="backend.tests.test_iteration19_bank_recon_providers.TestLLMProviders" name="test_groq_is_primary_provider" time="0.133" /><testcase classname="backend.tests.test_iteration19_bank_recon_providers.TestLLMProviders" name="test_providers_have_active_status" time="0.111" /><testcase classname="backend.tests.test_iteration19_bank_recon_providers.TestLLMProviders" name="test_fallback_order_is_correct" time="0.114" /><testcase classname="backend.tests.test_iteration19_bank_recon_providers.TestAsyncChatArchitecture" name="test_chat_returns_task_id_instantly" time="0.121" /><testcase classname="backend.tests.test_iteration19_bank_recon_providers.TestAsyncChatArchitecture" name="test_task_polling_returns_status" time="0.248" /><testcase classname="backend.tests.test_iteration19_bank_recon_providers.TestAsyncChatArchitecture" name="test_task_completes_with_provider_field" time="4.564" /><testcase classname="backend.tests.test_iteration19_bank_recon_providers.TestAsyncChatArchitecture" name="test_invalid_task_id_returns_404" time="0.117" /><testcase classname="backend.tests.test_iteration19_bank_recon_providers.TestBankReconciliationSummary" name="test_summary_hdfc_bank_current" time="0.124" /><testcase classname="backend.tests.test_iteration19_bank_recon_providers.TestBankReconciliationSummary" name="test_summary_has_matched_unmatched_counts" time="0.120" /><testcase classname="backend.tests.test_iteration19_bank_recon_providers.TestBankReconciliationSummary" name="test_summary_axis_bank_current" time="0.129" /><testcase classname="backend.tests.test_iteration19_bank_recon_providers.TestBankReconciliationSummary" name="test_summary_invalid_account_returns_404" time="0.155"><failure message="AssertionError: Expected 404, got 500&#10;assert 500 == 404&#10; +  where 500 = &lt;Response [500]&gt;.status_code">backend/tests/test_iteration19_bank_recon_providers.py:207: in test_summary_invalid_account_returns_404
    assert response.status_code == 404, f"Expected 404, got {response.status_code}"
E   AssertionError: Expected 404, got 500
E   assert 500 == 404
E    +  where 500 = &lt;Response [500]&gt;.status_code</failure></testcase><testcase classname="backend.tests.test_iteration19_bank_recon_providers.TestBankReconciliationUnmatched" name="test_unmatched_hdfc_bank_current" time="0.129" /><testcase classname="backend.tests.test_iteration19_bank_recon_providers.TestBankReconciliationUnmatched" name="test_unmatched_returns_arrays" time="0.126" /><testcase classname="backend.tests.test_iteration19_bank_recon_providers.TestBankReconciliationUnmatched" name="test_unmatched_invalid_account_returns_404" time="0.181"><failure message="AssertionError: Expected 404, got 500&#10;assert 500 == 404&#10; +  where 500 = &lt;Response [500]&gt;.status_code">backend/tests/test_iteration19_bank_recon_providers.py:254: in test_unmatched_invalid_account_returns_404
    assert response.status_code == 404, f"Expected 404, got {response.status_code}"
E   AssertionError: Expected 404, got 500
E   assert 500 == 404
E    +  where 500 = &lt;Response [500]&gt;.status_code</failure></testcase><testcase classname="backend.tests.test_iteration19_bank_recon_providers.TestBankReconciliationEEFC" name="test_summary_eefc_usd_account" time="0.113" /></testsuite></testsuites>