<?xml version="1.0" encoding="utf-8"?><testsuites name="pytest tests"><testsuite name="pytest" errors="0" failures="0" skipped="0" tests="39" time="4.654" timestamp="2026-04-06T13:04:47.086652+00:00" hostname="agent-env-9b6827d4-c718-40eb-a888-f3975238b6c6"><testcase classname="backend.tests.test_nexora_iteration15.TestCompanySettings" name="test_company_settings_returns_200" time="0.236" /><testcase classname="backend.tests.test_nexora_iteration15.TestCompanySettings" name="test_company_is_nexora" time="0.102" /><testcase classname="backend.tests.test_nexora_iteration15.TestProjectsAPI" name="test_list_projects_returns_200" time="0.113" /><testcase classname="backend.tests.test_nexora_iteration15.TestProjectsAPI" name="test_projects_count_is_8" time="0.113" /><testcase classname="backend.tests.test_nexora_iteration15.TestProjectsAPI" name="test_projects_have_required_fields" time="0.109" /><testcase classname="backend.tests.test_nexora_iteration15.TestProjectsAPI" name="test_health_dashboard_returns_200" time="0.112" /><testcase classname="backend.tests.test_nexora_iteration15.TestProjectsAPI" name="test_health_dashboard_count_is_7" time="0.117" /><testcase classname="backend.tests.test_nexora_iteration15.TestProjectsAPI" name="test_health_dashboard_has_health_status" time="0.138" /><testcase classname="backend.tests.test_nexora_iteration15.TestProjectsAPI" name="test_health_dashboard_has_billable_hours" time="0.104" /><testcase classname="backend.tests.test_nexora_iteration15.TestProjectsAPI" name="test_project_detail_returns_200" time="0.104" /><testcase classname="backend.tests.test_nexora_iteration15.TestProjectsAPI" name="test_project_timesheets_endpoint" time="0.109" /><testcase classname="backend.tests.test_nexora_iteration15.TestTimesheetsAPI" name="test_list_timesheets_returns_200" time="0.112" /><testcase classname="backend.tests.test_nexora_iteration15.TestTimesheetsAPI" name="test_timesheets_count_is_27" time="0.107" /><testcase classname="backend.tests.test_nexora_iteration15.TestTimesheetsAPI" name="test_timesheets_have_required_fields" time="0.106" /><testcase classname="backend.tests.test_nexora_iteration15.TestTimesheetsAPI" name="test_utilization_returns_200" time="0.117" /><testcase classname="backend.tests.test_nexora_iteration15.TestTimesheetsAPI" name="test_utilization_has_15_employees" time="0.121" /><testcase classname="backend.tests.test_nexora_iteration15.TestTimesheetsAPI" name="test_utilization_summary" time="0.102" /><testcase classname="backend.tests.test_nexora_iteration15.TestTimesheetsAPI" name="test_consolidation_returns_200" time="0.110" /><testcase classname="backend.tests.test_nexora_iteration15.TestTimesheetsAPI" name="test_consolidation_has_project_hours" time="0.103" /><testcase classname="backend.tests.test_nexora_iteration15.TestRevenueAPI" name="test_schedule_returns_200" time="0.119" /><testcase classname="backend.tests.test_nexora_iteration15.TestRevenueAPI" name="test_schedule_has_7_entries" time="0.109" /><testcase classname="backend.tests.test_nexora_iteration15.TestRevenueAPI" name="test_schedule_summary" time="0.110" /><testcase classname="backend.tests.test_nexora_iteration15.TestRevenueAPI" name="test_ind_as_115_returns_200" time="0.101" /><testcase classname="backend.tests.test_nexora_iteration15.TestRevenueAPI" name="test_ind_as_115_disclosure_structure" time="0.116" /><testcase classname="backend.tests.test_nexora_iteration15.TestRevenueAPI" name="test_ind_as_115_disaggregation" time="0.107" /><testcase classname="backend.tests.test_nexora_iteration15.TestRevenueAPI" name="test_ind_as_115_rpo" time="0.121" /><testcase classname="backend.tests.test_nexora_iteration15.TestRevenueAPI" name="test_revenue_transactions_returns_200" time="0.120" /><testcase classname="backend.tests.test_nexora_iteration15.TestTransactionExplorerAPI" name="test_all_transactions_returns_200" time="0.125" /><testcase classname="backend.tests.test_nexora_iteration15.TestTransactionExplorerAPI" name="test_all_transactions_count_is_140" time="0.141" /><testcase classname="backend.tests.test_nexora_iteration15.TestTransactionExplorerAPI" name="test_module_counts" time="0.114" /><testcase classname="backend.tests.test_nexora_iteration15.TestTransactionExplorerAPI" name="test_transactions_have_required_fields" time="0.117" /><testcase classname="backend.tests.test_nexora_iteration15.TestTransactionExplorerAPI" name="test_filter_by_module" time="0.111" /><testcase classname="backend.tests.test_nexora_iteration15.TestTransactionExplorerAPI" name="test_filter_by_priority" time="0.115" /><testcase classname="backend.tests.test_nexora_iteration15.TestEntitiesAPI" name="test_vendors_returns_200" time="0.109" /><testcase classname="backend.tests.test_nexora_iteration15.TestEntitiesAPI" name="test_vendors_count_is_10" time="0.097" /><testcase classname="backend.tests.test_nexora_iteration15.TestEntitiesAPI" name="test_customers_returns_200" time="0.114" /><testcase classname="backend.tests.test_nexora_iteration15.TestEntitiesAPI" name="test_customers_count_is_7" time="0.112" /><testcase classname="backend.tests.test_nexora_iteration15.TestOldDataCleared" name="test_items_collection_empty" time="0.103" /><testcase classname="backend.tests.test_nexora_iteration15.TestOldDataCleared" name="test_no_polymerx_in_company_name" time="0.108" /></testsuite></testsuites>