<?xml version="1.0" encoding="utf-8"?><testsuites name="pytest tests"><testsuite name="pytest" errors="0" failures="0" skipped="0" tests="21" time="2.564" timestamp="2026-04-06T09:11:07.324870+00:00" hostname="agent-env-9b6827d4-c718-40eb-a888-f3975238b6c6"><testcase classname="backend.tests.test_linked_document_flow.TestPurchaseLinkedFlow" name="test_01_api_health" time="0.249" /><testcase classname="backend.tests.test_linked_document_flow.TestPurchaseLinkedFlow" name="test_02_create_purchase_order" time="0.133" /><testcase classname="backend.tests.test_linked_document_flow.TestPurchaseLinkedFlow" name="test_03_list_pending_grn" time="0.095" /><testcase classname="backend.tests.test_linked_document_flow.TestPurchaseLinkedFlow" name="test_04_confirm_receipt_creates_grn" time="0.103" /><testcase classname="backend.tests.test_linked_document_flow.TestPurchaseLinkedFlow" name="test_05_po_status_updated_after_grn" time="0.103" /><testcase classname="backend.tests.test_linked_document_flow.TestPurchaseLinkedFlow" name="test_06_list_pending_invoices" time="0.096" /><testcase classname="backend.tests.test_linked_document_flow.TestPurchaseLinkedFlow" name="test_07_create_invoice_from_grn" time="0.132" /><testcase classname="backend.tests.test_linked_document_flow.TestPurchaseLinkedFlow" name="test_08_list_outstanding_invoices" time="0.099" /><testcase classname="backend.tests.test_linked_document_flow.TestPurchaseLinkedFlow" name="test_09_pay_invoice" time="0.141" /><testcase classname="backend.tests.test_linked_document_flow.TestPurchaseLinkedFlow" name="test_10_invoice_marked_paid" time="0.158" /><testcase classname="backend.tests.test_linked_document_flow.TestSellingLinkedFlow" name="test_11_create_sales_order" time="0.097" /><testcase classname="backend.tests.test_linked_document_flow.TestSellingLinkedFlow" name="test_12_list_pending_delivery" time="0.107" /><testcase classname="backend.tests.test_linked_document_flow.TestSellingLinkedFlow" name="test_13_confirm_delivery_creates_dn" time="0.105" /><testcase classname="backend.tests.test_linked_document_flow.TestSellingLinkedFlow" name="test_14_so_status_updated_after_dn" time="0.111" /><testcase classname="backend.tests.test_linked_document_flow.TestSellingLinkedFlow" name="test_15_list_pending_sales_invoices" time="0.099" /><testcase classname="backend.tests.test_linked_document_flow.TestSellingLinkedFlow" name="test_16_create_sales_invoice_from_dn" time="0.109" /><testcase classname="backend.tests.test_linked_document_flow.TestSellingLinkedFlow" name="test_17_list_outstanding_ar" time="0.100" /><testcase classname="backend.tests.test_linked_document_flow.TestSellingLinkedFlow" name="test_18_receive_payment" time="0.110" /><testcase classname="backend.tests.test_linked_document_flow.TestSellingLinkedFlow" name="test_19_sales_invoice_marked_paid" time="0.097" /><testcase classname="backend.tests.test_linked_document_flow.TestSellingLinkedFlow" name="test_20_so_status_completed" time="0.110" /><testcase classname="backend.tests.test_linked_document_flow.TestExistingPOFlow" name="test_21_check_existing_po" time="0.101" /></testsuite></testsuites>