<?xml version="1.0" encoding="utf-8"?><testsuites name="pytest tests"><testsuite name="pytest" errors="0" failures="0" skipped="0" tests="17" time="4.121" timestamp="2026-04-07T07:38:36.801615+00:00" hostname="agent-env-9b6827d4-c718-40eb-a888-f3975238b6c6"><testcase classname="backend.tests.test_iteration35_new_features.TestProjectsCRUD" name="test_create_project" time="1.252" /><testcase classname="backend.tests.test_iteration35_new_features.TestProjectsCRUD" name="test_get_project" time="0.120" /><testcase classname="backend.tests.test_iteration35_new_features.TestProjectsCRUD" name="test_update_project" time="0.102" /><testcase classname="backend.tests.test_iteration35_new_features.TestProjectsCRUD" name="test_list_projects" time="0.102" /><testcase classname="backend.tests.test_iteration35_new_features.TestProjectsCRUD" name="test_delete_project" time="0.193" /><testcase classname="backend.tests.test_iteration35_new_features.TestTimesheetsCRUD" name="test_create_timesheet" time="0.100" /><testcase classname="backend.tests.test_iteration35_new_features.TestTimesheetsCRUD" name="test_list_timesheets" time="0.106" /><testcase classname="backend.tests.test_iteration35_new_features.TestTimesheetsCRUD" name="test_approve_timesheet" time="0.199" /><testcase classname="backend.tests.test_iteration35_new_features.TestTimesheetsCRUD" name="test_create_and_reject_timesheet" time="0.213" /><testcase classname="backend.tests.test_iteration35_new_features.TestInterModuleLinking" name="test_contract_creates_project_and_notification" time="0.283" /><testcase classname="backend.tests.test_iteration35_new_features.TestInterModuleLinking" name="test_milestone_completion_creates_invoice_and_notification" time="0.209" /><testcase classname="backend.tests.test_iteration35_new_features.TestInterModuleLinking" name="test_approval_action_creates_notification" time="0.324" /><testcase classname="backend.tests.test_iteration35_new_features.TestInterModuleLinking" name="test_resource_allocation_updates_project_team" time="0.425" /><testcase classname="backend.tests.test_iteration35_new_features.TestNotificationsFromEvents" name="test_notifications_list" time="0.096" /><testcase classname="backend.tests.test_iteration35_new_features.TestNotificationsFromEvents" name="test_notifications_have_required_fields" time="0.103" /><testcase classname="backend.tests.test_iteration35_new_features.TestCleanup" name="test_cleanup_test_timesheets" time="0.099" /><testcase classname="backend.tests.test_iteration35_new_features.TestCleanup" name="test_cleanup_test_contracts" time="0.098" /></testsuite></testsuites>