<?xml version="1.0" encoding="utf-8"?><testsuites name="pytest tests"><testsuite name="pytest" errors="0" failures="0" skipped="0" tests="20" time="21.622" timestamp="2026-04-06T10:32:29.461440+00:00" hostname="agent-env-9b6827d4-c718-40eb-a888-f3975238b6c6"><testcase classname="backend.tests.test_ai_module_validation.TestMasterDataValidation" name="test_po_with_valid_vendor_and_item" time="0.252" /><testcase classname="backend.tests.test_ai_module_validation.TestMasterDataValidation" name="test_po_with_invalid_vendor_returns_400" time="0.108" /><testcase classname="backend.tests.test_ai_module_validation.TestMasterDataValidation" name="test_po_with_invalid_item_returns_400" time="0.115" /><testcase classname="backend.tests.test_ai_module_validation.TestMasterDataValidation" name="test_so_with_valid_customer_and_item" time="0.110" /><testcase classname="backend.tests.test_ai_module_validation.TestMasterDataValidation" name="test_so_with_invalid_customer_returns_400" time="0.100" /><testcase classname="backend.tests.test_ai_module_validation.TestMasterDataValidation" name="test_so_with_invalid_item_returns_400" time="0.137" /><testcase classname="backend.tests.test_ai_module_validation.TestAIParsePromptForModules" name="test_ai_parse_purchase_order_prompt" time="4.149" /><testcase classname="backend.tests.test_ai_module_validation.TestAIParsePromptForModules" name="test_ai_parse_sales_order_prompt" time="3.471" /><testcase classname="backend.tests.test_ai_module_validation.TestAIParsePromptForModules" name="test_ai_parse_work_order_prompt" time="4.182" /><testcase classname="backend.tests.test_ai_module_validation.TestAIParsePromptForModules" name="test_ai_parse_journal_entry_prompt" time="4.093" /><testcase classname="backend.tests.test_ai_module_validation.TestAIParsePromptForModules" name="test_ai_parse_returns_master_data_for_dropdowns" time="3.815" /><testcase classname="backend.tests.test_ai_module_validation.TestSeededDataIntegrity" name="test_purchase_orders_count" time="0.100" /><testcase classname="backend.tests.test_ai_module_validation.TestSeededDataIntegrity" name="test_sales_orders_count" time="0.168" /><testcase classname="backend.tests.test_ai_module_validation.TestSeededDataIntegrity" name="test_vendors_exist" time="0.097" /><testcase classname="backend.tests.test_ai_module_validation.TestSeededDataIntegrity" name="test_customers_exist" time="0.106" /><testcase classname="backend.tests.test_ai_module_validation.TestSeededDataIntegrity" name="test_items_exist" time="0.095" /><testcase classname="backend.tests.test_ai_module_validation.TestManufacturingWorkOrders" name="test_create_work_order" time="0.112" /><testcase classname="backend.tests.test_ai_module_validation.TestManufacturingWorkOrders" name="test_list_work_orders" time="0.097" /><testcase classname="backend.tests.test_ai_module_validation.TestJournalEntryCreation" name="test_create_manual_journal_entry" time="0.095" /><testcase classname="backend.tests.test_ai_module_validation.TestJournalEntryCreation" name="test_list_manual_journal_entries" time="0.120" /></testsuite></testsuites>