<?xml version="1.0" encoding="utf-8"?><testsuites name="pytest tests"><testsuite name="pytest" errors="0" failures="0" skipped="0" tests="27" time="3.660" timestamp="2026-04-06T07:49:42.660447+00:00" hostname="agent-env-9b6827d4-c718-40eb-a888-f3975238b6c6"><testcase classname="backend.tests.test_selling_buying_fs.TestAPIHealth" name="test_api_health" time="0.287" /><testcase classname="backend.tests.test_selling_buying_fs.TestSellingModule" name="test_create_sales_order" time="0.158" /><testcase classname="backend.tests.test_selling_buying_fs.TestSellingModule" name="test_list_sales_orders" time="0.121" /><testcase classname="backend.tests.test_selling_buying_fs.TestSellingModule" name="test_create_delivery_note" time="0.112" /><testcase classname="backend.tests.test_selling_buying_fs.TestSellingModule" name="test_list_delivery_notes" time="0.102" /><testcase classname="backend.tests.test_selling_buying_fs.TestSellingModule" name="test_create_sales_invoice_with_auto_je" time="0.097" /><testcase classname="backend.tests.test_selling_buying_fs.TestSellingModule" name="test_list_sales_invoices" time="0.131" /><testcase classname="backend.tests.test_selling_buying_fs.TestSellingModule" name="test_create_customer_payment_with_auto_je" time="0.136" /><testcase classname="backend.tests.test_selling_buying_fs.TestSellingModule" name="test_customer_payment_validation" time="0.097" /><testcase classname="backend.tests.test_selling_buying_fs.TestSellingModule" name="test_list_customer_payments" time="0.094" /><testcase classname="backend.tests.test_selling_buying_fs.TestBuyingModule" name="test_create_purchase_order" time="0.151" /><testcase classname="backend.tests.test_selling_buying_fs.TestBuyingModule" name="test_list_purchase_orders" time="0.112" /><testcase classname="backend.tests.test_selling_buying_fs.TestBuyingModule" name="test_create_grn_with_auto_je" time="0.108" /><testcase classname="backend.tests.test_selling_buying_fs.TestBuyingModule" name="test_list_grn" time="0.097" /><testcase classname="backend.tests.test_selling_buying_fs.TestBuyingModule" name="test_create_purchase_invoice_with_auto_je" time="0.114" /><testcase classname="backend.tests.test_selling_buying_fs.TestBuyingModule" name="test_list_purchase_invoices" time="0.099" /><testcase classname="backend.tests.test_selling_buying_fs.TestBuyingModule" name="test_create_vendor_payment_with_auto_je" time="0.108" /><testcase classname="backend.tests.test_selling_buying_fs.TestBuyingModule" name="test_vendor_payment_validation" time="0.103" /><testcase classname="backend.tests.test_selling_buying_fs.TestBuyingModule" name="test_list_vendor_payments" time="0.095" /><testcase classname="backend.tests.test_selling_buying_fs.TestFinancialStatements" name="test_trial_balance" time="0.097" /><testcase classname="backend.tests.test_selling_buying_fs.TestFinancialStatements" name="test_balance_sheet_schedule_iii" time="0.113" /><testcase classname="backend.tests.test_selling_buying_fs.TestFinancialStatements" name="test_profit_and_loss_schedule_iii" time="0.098" /><testcase classname="backend.tests.test_selling_buying_fs.TestFinancialStatements" name="test_balance_sheet_with_date" time="0.101" /><testcase classname="backend.tests.test_selling_buying_fs.TestFinancialStatements" name="test_profit_loss_with_date_range" time="0.096" /><testcase classname="backend.tests.test_selling_buying_fs.TestAutoAccountingIntegration" name="test_sales_invoice_creates_cogs_entry" time="0.229" /><testcase classname="backend.tests.test_selling_buying_fs.TestAutoAccountingIntegration" name="test_grn_creates_inventory_ap_entry" time="0.250" /><testcase classname="backend.tests.test_selling_buying_fs.TestAutoAccountingIntegration" name="test_vendor_payment_creates_ap_bank_entry" time="0.224" /></testsuite></testsuites>