<?xml version="1.0" encoding="utf-8"?><testsuites name="pytest tests"><testsuite name="pytest" errors="0" failures="0" skipped="0" tests="14" time="2.192" timestamp="2026-04-06T08:35:09.645512+00:00" hostname="agent-env-9b6827d4-c718-40eb-a888-f3975238b6c6"><testcase classname="backend.tests.test_manufacturing_fs_exports.TestAPIHealth" name="test_api_root" time="0.278" /><testcase classname="backend.tests.test_manufacturing_fs_exports.TestManufacturingModule" name="test_list_work_orders_empty" time="0.100" /><testcase classname="backend.tests.test_manufacturing_fs_exports.TestManufacturingModule" name="test_create_work_order" time="0.142" /><testcase classname="backend.tests.test_manufacturing_fs_exports.TestManufacturingModule" name="test_get_work_order_by_id" time="0.133" /><testcase classname="backend.tests.test_manufacturing_fs_exports.TestManufacturingModule" name="test_start_work_order" time="0.197" /><testcase classname="backend.tests.test_manufacturing_fs_exports.TestManufacturingModule" name="test_complete_work_order" time="0.209" /><testcase classname="backend.tests.test_manufacturing_fs_exports.TestManufacturingModule" name="test_create_and_cancel_work_order" time="0.306" /><testcase classname="backend.tests.test_manufacturing_fs_exports.TestFinancialStatementExports" name="test_balance_sheet_excel_export" time="0.105" /><testcase classname="backend.tests.test_manufacturing_fs_exports.TestFinancialStatementExports" name="test_profit_loss_excel_export" time="0.103" /><testcase classname="backend.tests.test_manufacturing_fs_exports.TestFinancialStatementExports" name="test_trial_balance_excel_export" time="0.107" /><testcase classname="backend.tests.test_manufacturing_fs_exports.TestFinancialStatementData" name="test_balance_sheet_schedule_iii_format" time="0.116" /><testcase classname="backend.tests.test_manufacturing_fs_exports.TestFinancialStatementData" name="test_profit_loss_schedule_iii_format" time="0.102" /><testcase classname="backend.tests.test_manufacturing_fs_exports.TestFinancialStatementData" name="test_trial_balance_data" time="0.106" /><testcase classname="backend.tests.test_manufacturing_fs_exports.TestCleanup" name="test_cleanup_test_work_orders" time="0.095" /></testsuite></testsuites>