<?xml version="1.0" encoding="utf-8"?><testsuites name="pytest tests"><testsuite name="pytest" errors="0" failures="0" skipped="0" tests="15" time="2.509" timestamp="2026-04-06T11:21:29.117106+00:00" hostname="agent-env-9b6827d4-c718-40eb-a888-f3975238b6c6"><testcase classname="backend.tests.test_audit_trail.TestAuditTrailAPI" name="test_get_audit_trail_basic" time="0.265" /><testcase classname="backend.tests.test_audit_trail.TestAuditTrailAPI" name="test_get_audit_trail_with_filters" time="0.208" /><testcase classname="backend.tests.test_audit_trail.TestAuditTrailAPI" name="test_get_audit_trail_with_search" time="0.156" /><testcase classname="backend.tests.test_audit_trail.TestAuditTrailAPI" name="test_get_audit_trail_with_date_filters" time="0.107" /><testcase classname="backend.tests.test_audit_trail.TestAuditTrailAPI" name="test_get_audit_stats" time="0.104" /><testcase classname="backend.tests.test_audit_trail.TestAuditTrailAPI" name="test_get_document_types" time="0.097" /><testcase classname="backend.tests.test_audit_trail.TestAuditTrailAPI" name="test_export_csv" time="0.167" /><testcase classname="backend.tests.test_audit_trail.TestAuditTrailAPI" name="test_export_csv_with_filters" time="0.132" /><testcase classname="backend.tests.test_audit_trail.TestAuditTrailLogging" name="test_po_creation_creates_audit_entry" time="0.333" /><testcase classname="backend.tests.test_audit_trail.TestAuditTrailLogging" name="test_company_settings_update_logs_field_changes" time="0.311" /><testcase classname="backend.tests.test_audit_trail.TestAuditTrailTamperProof" name="test_no_delete_endpoint" time="0.107" /><testcase classname="backend.tests.test_audit_trail.TestAuditTrailTamperProof" name="test_no_put_endpoint" time="0.129" /><testcase classname="backend.tests.test_audit_trail.TestAuditTrailTamperProof" name="test_no_patch_endpoint" time="0.094" /><testcase classname="backend.tests.test_audit_trail.TestAuditTrailTamperProof" name="test_no_delete_single_entry" time="0.094" /><testcase classname="backend.tests.test_audit_trail.TestAuditEntryStructure" name="test_entry_has_required_fields" time="0.110" /></testsuite></testsuites>