<?xml version="1.0" encoding="utf-8"?><testsuites name="pytest tests"><testsuite name="pytest" errors="0" failures="0" skipped="0" tests="30" time="15.464" timestamp="2026-04-06T20:29:41.439379+00:00" hostname="agent-env-9b6827d4-c718-40eb-a888-f3975238b6c6"><testcase classname="backend.tests.test_iteration27_gemini_gpt5.TestProvidersEndpoint" name="test_providers_endpoint_returns_200" time="0.183" /><testcase classname="backend.tests.test_iteration27_gemini_gpt5.TestProvidersEndpoint" name="test_providers_returns_5_providers" time="0.121" /><testcase classname="backend.tests.test_iteration27_gemini_gpt5.TestProvidersEndpoint" name="test_claude_is_priority_1" time="0.127" /><testcase classname="backend.tests.test_iteration27_gemini_gpt5.TestProvidersEndpoint" name="test_gemini_is_priority_2" time="0.110" /><testcase classname="backend.tests.test_iteration27_gemini_gpt5.TestProvidersEndpoint" name="test_gpt5_is_priority_3" time="0.099" /><testcase classname="backend.tests.test_iteration27_gemini_gpt5.TestProvidersEndpoint" name="test_groq_is_priority_4" time="0.110" /><testcase classname="backend.tests.test_iteration27_gemini_gpt5.TestProvidersEndpoint" name="test_openrouter_is_priority_5" time="0.118" /><testcase classname="backend.tests.test_iteration27_gemini_gpt5.TestProvidersEndpoint" name="test_fallback_order_is_correct" time="0.100" /><testcase classname="backend.tests.test_iteration27_gemini_gpt5.TestProvidersEndpoint" name="test_all_providers_have_status_field" time="0.116" /><testcase classname="backend.tests.test_iteration27_gemini_gpt5.TestChatEndpointWithPreferredProvider" name="test_chat_accepts_preferred_provider_claude" time="0.105" /><testcase classname="backend.tests.test_iteration27_gemini_gpt5.TestChatEndpointWithPreferredProvider" name="test_chat_accepts_preferred_provider_gemini" time="2.692" /><testcase classname="backend.tests.test_iteration27_gemini_gpt5.TestChatEndpointWithPreferredProvider" name="test_chat_accepts_preferred_provider_gpt5" time="0.764" /><testcase classname="backend.tests.test_iteration27_gemini_gpt5.TestChatEndpointWithPreferredProvider" name="test_chat_accepts_preferred_provider_auto" time="1.434" /><testcase classname="backend.tests.test_iteration27_gemini_gpt5.TestTaskExecutionWithGPT5" name="test_task_with_gpt5_completes_successfully" time="4.490" /><testcase classname="backend.tests.test_iteration27_gemini_gpt5.TestTaskExecutionWithClaude" name="test_task_with_claude_completes_successfully" time="3.038" /><testcase classname="backend.tests.test_iteration27_gemini_gpt5.TestTaskExecutionWithGemini" name="test_task_with_gemini_falls_back_correctly" time="1.738" /><testcase classname="backend.tests.test_iteration27_gemini_gpt5.TestCodeVerification" name="test_call_gemini_function_exists" time="0.000" /><testcase classname="backend.tests.test_iteration27_gemini_gpt5.TestCodeVerification" name="test_call_gpt5_function_exists" time="0.000" /><testcase classname="backend.tests.test_iteration27_gemini_gpt5.TestCodeVerification" name="test_gemini_has_none_guard" time="0.000" /><testcase classname="backend.tests.test_iteration27_gemini_gpt5.TestCodeVerification" name="test_call_llm_has_5_providers" time="0.000" /><testcase classname="backend.tests.test_iteration27_gemini_gpt5.TestCodeVerification" name="test_default_order_is_claude_gemini_gpt5_groq_openrouter" time="0.000" /><testcase classname="backend.tests.test_iteration27_gemini_gpt5.TestCodeVerification" name="test_chat_endpoint_accepts_preferred_provider" time="0.000" /><testcase classname="backend.tests.test_iteration27_gemini_gpt5.TestFrontendCodeVerification" name="test_providers_constant_has_6_options" time="0.000" /><testcase classname="backend.tests.test_iteration27_gemini_gpt5.TestFrontendCodeVerification" name="test_provider_selector_has_data_testid" time="0.000" /><testcase classname="backend.tests.test_iteration27_gemini_gpt5.TestFrontendCodeVerification" name="test_gemini_badge_color" time="0.001" /><testcase classname="backend.tests.test_iteration27_gemini_gpt5.TestFrontendCodeVerification" name="test_gpt5_badge_color" time="0.000" /><testcase classname="backend.tests.test_iteration27_gemini_gpt5.TestFrontendCodeVerification" name="test_preferred_provider_state_exists" time="0.000" /><testcase classname="backend.tests.test_iteration27_gemini_gpt5.TestFrontendCodeVerification" name="test_preferred_provider_sent_in_chat_request" time="0.000" /><testcase classname="backend.tests.test_iteration27_gemini_gpt5.TestFrontendCodeVerification" name="test_footer_shows_5_llm_providers" time="0.000" /><testcase classname="backend.tests.test_iteration27_gemini_gpt5.TestFrontendCodeVerification" name="test_header_shows_21_tools" time="0.000" /></testsuite></testsuites>