<?xml version="1.0" encoding="utf-8"?><testsuites name="pytest tests"><testsuite name="pytest" errors="0" failures="0" skipped="0" tests="14" time="1.623" timestamp="2026-04-06T08:10:19.190713+00:00" hostname="agent-env-9b6827d4-c718-40eb-a888-f3975238b6c6"><testcase classname="tests.test_gst_tds_selling.TestHealthCheck" name="test_api_health" time="0.122" /><testcase classname="tests.test_gst_tds_selling.TestGSTR1" name="test_gstr1_report" time="0.104" /><testcase classname="tests.test_gst_tds_selling.TestGSTR1" name="test_gstr1_export_csv" time="0.101" /><testcase classname="tests.test_gst_tds_selling.TestGSTR3B" name="test_gstr3b_report" time="0.101" /><testcase classname="tests.test_gst_tds_selling.TestGSTR3B" name="test_gstr3b_export_json" time="0.107" /><testcase classname="tests.test_gst_tds_selling.TestTDSReturn" name="test_tds_return_report" time="0.106" /><testcase classname="tests.test_gst_tds_selling.TestTDSReturn" name="test_tds_return_export_csv" time="0.110" /><testcase classname="tests.test_gst_tds_selling.TestCreditLimitCheck" name="test_sales_order_credit_limit_warning" time="0.206" /><testcase classname="tests.test_gst_tds_selling.TestNegativeStockCheck" name="test_delivery_note_negative_stock_warning" time="0.106" /><testcase classname="tests.test_gst_tds_selling.TestSellingModuleIntegration" name="test_create_sales_order_with_gst" time="0.099" /><testcase classname="tests.test_gst_tds_selling.TestSellingModuleIntegration" name="test_create_sales_invoice_with_auto_je" time="0.102" /><testcase classname="tests.test_gst_tds_selling.TestStatutoryReportsWithParams" name="test_gstr1_with_month_year" time="0.107" /><testcase classname="tests.test_gst_tds_selling.TestStatutoryReportsWithParams" name="test_gstr3b_with_month_year" time="0.094" /><testcase classname="tests.test_gst_tds_selling.TestStatutoryReportsWithParams" name="test_tds_return_with_quarter" time="0.093" /></testsuite></testsuites>