<?xml version="1.0" encoding="utf-8"?><testsuites name="pytest tests"><testsuite name="pytest" errors="0" failures="0" skipped="0" tests="21" time="1.269" timestamp="2026-04-09T21:13:30.326705+00:00" hostname="agent-env-9b6827d4-c718-40eb-a888-f3975238b6c6"><testcase classname="backend.tests.test_iteration40_kairos_independence.TestSystemStatus" name="test_system_status_endpoint_exists" time="0.145" /><testcase classname="backend.tests.test_iteration40_kairos_independence.TestSystemStatus" name="test_system_status_kairos_online" time="0.118" /><testcase classname="backend.tests.test_iteration40_kairos_independence.TestSystemStatus" name="test_system_status_has_module_counts" time="0.128" /><testcase classname="backend.tests.test_iteration40_kairos_independence.TestHealthEndpoint" name="test_health_returns_ok" time="0.104" /><testcase classname="backend.tests.test_iteration40_kairos_independence.TestKairosIndependence" name="test_agents_providers_endpoint" time="0.103" /><testcase classname="backend.tests.test_iteration40_kairos_independence.TestKairosIndependence" name="test_agents_sessions_endpoint" time="0.131" /><testcase classname="backend.tests.test_iteration40_kairos_independence.TestKairosIndependence" name="test_agents_compression_stats_endpoint" time="0.123" /><testcase classname="backend.tests.test_iteration40_kairos_independence.TestERPModulesStillWork" name="test_projects_endpoint" time="0.157" /><testcase classname="backend.tests.test_iteration40_kairos_independence.TestERPModulesStillWork" name="test_timesheets_endpoint" time="0.110" /><testcase classname="backend.tests.test_iteration40_kairos_independence.TestToolRegistry" name="test_tool_registry_has_35_tools" time="0.049" /><testcase classname="backend.tests.test_iteration40_kairos_independence.TestToolRegistry" name="test_read_knowledge_tool_exists" time="0.000" /><testcase classname="backend.tests.test_iteration40_kairos_independence.TestToolRegistry" name="test_update_knowledge_tool_exists" time="0.000" /><testcase classname="backend.tests.test_iteration40_kairos_independence.TestToolRegistry" name="test_all_original_tools_still_exist" time="0.000" /><testcase classname="backend.tests.test_iteration40_kairos_independence.TestKnowledgeFile" name="test_knowledge_file_exists" time="0.000" /><testcase classname="backend.tests.test_iteration40_kairos_independence.TestKnowledgeFile" name="test_knowledge_file_readable" time="0.000" /><testcase classname="backend.tests.test_iteration40_kairos_independence.TestKnowledgeFile" name="test_knowledge_file_has_sections" time="0.000" /><testcase classname="backend.tests.test_iteration40_kairos_independence.TestCompressionBenchmark" name="test_protected_snippet_has_35_tools" time="0.000" /><testcase classname="backend.tests.test_iteration40_kairos_independence.TestCompressionBenchmark" name="test_groq_compression_fits_limit" time="0.002" /><testcase classname="backend.tests.test_iteration40_kairos_independence.TestCompressionBenchmark" name="test_compression_preserves_critical_patterns" time="0.000" /><testcase classname="backend.tests.test_iteration40_kairos_independence.TestServerStructure" name="test_kairos_loads_before_erp" time="0.000" /><testcase classname="backend.tests.test_iteration40_kairos_independence.TestServerStructure" name="test_safe_load_function_exists" time="0.000" /></testsuite></testsuites>