<?xml version="1.0" encoding="utf-8"?><testsuites name="pytest tests"><testsuite name="pytest" errors="0" failures="0" skipped="0" tests="33" time="4.775" timestamp="2026-04-06T18:48:02.421750+00:00" hostname="agent-env-9b6827d4-c718-40eb-a888-f3975238b6c6"><testcase classname="backend.tests.test_iteration23_kairos_v3.TestExpenseEndpoints" name="test_list_expenses_returns_200" time="0.292" /><testcase classname="backend.tests.test_iteration23_kairos_v3.TestExpenseEndpoints" name="test_list_expenses_returns_array" time="0.125" /><testcase classname="backend.tests.test_iteration23_kairos_v3.TestExpenseEndpoints" name="test_create_expense_auto_generates_id" time="0.139" /><testcase classname="backend.tests.test_iteration23_kairos_v3.TestExpenseEndpoints" name="test_create_expense_auto_sets_status_pending" time="0.133" /><testcase classname="backend.tests.test_iteration23_kairos_v3.TestExpenseEndpoints" name="test_create_expense_auto_sets_created_at" time="0.104" /><testcase classname="backend.tests.test_iteration23_kairos_v3.TestExpenseEndpoints" name="test_approve_expense_updates_status" time="0.234" /><testcase classname="backend.tests.test_iteration23_kairos_v3.TestExpenseEndpoints" name="test_reject_expense_updates_status" time="0.237" /><testcase classname="backend.tests.test_iteration23_kairos_v3.TestExpenseSummaryEndpoint" name="test_summary_returns_200" time="0.123" /><testcase classname="backend.tests.test_iteration23_kairos_v3.TestExpenseSummaryEndpoint" name="test_summary_has_total_by_category" time="0.125" /><testcase classname="backend.tests.test_iteration23_kairos_v3.TestExpenseSummaryEndpoint" name="test_summary_category_uses_category_field_not_id" time="0.101" /><testcase classname="backend.tests.test_iteration23_kairos_v3.TestExpenseSummaryEndpoint" name="test_summary_has_total_by_status" time="0.102" /><testcase classname="backend.tests.test_iteration23_kairos_v3.TestExpenseSummaryEndpoint" name="test_summary_status_uses_status_field_not_id" time="0.249" /><testcase classname="backend.tests.test_iteration23_kairos_v3.TestExpenseSummaryEndpoint" name="test_summary_has_pending_amount" time="0.169" /><testcase classname="backend.tests.test_iteration23_kairos_v3.TestExpenseSummaryEndpoint" name="test_summary_has_approved_amount" time="0.107" /><testcase classname="backend.tests.test_iteration23_kairos_v3.TestExpenseSummaryEndpoint" name="test_summary_has_total_expenses_count" time="0.149" /><testcase classname="backend.tests.test_iteration23_kairos_v3.TestExpenseByEmployeeEndpoint" name="test_by_employee_returns_200" time="0.106" /><testcase classname="backend.tests.test_iteration23_kairos_v3.TestExpenseByEmployeeEndpoint" name="test_by_employee_returns_filtered_results" time="0.164" /><testcase classname="backend.tests.test_iteration23_kairos_v3.TestExpenseByEmployeeEndpoint" name="test_by_employee_nonexistent_returns_empty" time="0.131" /><testcase classname="backend.tests.test_iteration23_kairos_v3.TestFeedbackEndpoints" name="test_list_feedback_returns_200" time="0.135" /><testcase classname="backend.tests.test_iteration23_kairos_v3.TestFeedbackEndpoints" name="test_list_feedback_returns_array" time="0.153" /><testcase classname="backend.tests.test_iteration23_kairos_v3.TestFeedbackEndpoints" name="test_create_feedback_auto_generates_id" time="0.136" /><testcase classname="backend.tests.test_iteration23_kairos_v3.TestFeedbackEndpoints" name="test_create_feedback_auto_sets_created_at" time="0.104" /><testcase classname="backend.tests.test_iteration23_kairos_v3.TestFeedbackEndpoints" name="test_create_feedback_validates_rating" time="0.146" /><testcase classname="backend.tests.test_iteration23_kairos_v3.TestLeaveMgmtEndpoints" name="test_list_leave_requests_returns_200" time="0.133" /><testcase classname="backend.tests.test_iteration23_kairos_v3.TestLeaveMgmtEndpoints" name="test_list_leave_requests_returns_array" time="0.126" /><testcase classname="backend.tests.test_iteration23_kairos_v3.TestLeaveMgmtEndpoints" name="test_leave_requests_have_required_fields" time="0.124" /><testcase classname="backend.tests.test_iteration23_kairos_v3.TestEmployeeAnalyticsEndpoints" name="test_utilization_summary_returns_200" time="0.116" /><testcase classname="backend.tests.test_iteration23_kairos_v3.TestEmployeeAnalyticsEndpoints" name="test_utilization_summary_returns_array" time="0.122" /><testcase classname="backend.tests.test_iteration23_kairos_v3.TestEmployeeAnalyticsEndpoints" name="test_utilization_summary_has_required_fields" time="0.117" /><testcase classname="backend.tests.test_iteration23_kairos_v3.TestAgentsProvidersEndpoint" name="test_providers_returns_200" time="0.127" /><testcase classname="backend.tests.test_iteration23_kairos_v3.TestAgentsProvidersEndpoint" name="test_providers_returns_3_providers" time="0.122" /><testcase classname="backend.tests.test_iteration23_kairos_v3.TestAgentsProvidersEndpoint" name="test_providers_include_groq_openrouter_claude" time="0.121" /><testcase classname="backend.tests.test_iteration23_kairos_v3.TestAgentsProvidersEndpoint" name="test_providers_have_fallback_order" time="0.101" /></testsuite></testsuites>