<?xml version="1.0" encoding="utf-8"?><testsuites name="pytest tests"><testsuite name="pytest" errors="0" failures="0" skipped="0" tests="15" time="6.016" timestamp="2026-04-06T15:01:07.228548+00:00" hostname="agent-env-9b6827d4-c718-40eb-a888-f3975238b6c6"><testcase classname="backend.tests.test_file_upload_url_crawl.TestFileUpload" name="test_upload_text_file" time="0.323" /><testcase classname="backend.tests.test_file_upload_url_crawl.TestFileUpload" name="test_upload_csv_file" time="0.180" /><testcase classname="backend.tests.test_file_upload_url_crawl.TestFileUpload" name="test_upload_json_file" time="0.222" /><testcase classname="backend.tests.test_file_upload_url_crawl.TestFileUpload" name="test_upload_python_file" time="0.141" /><testcase classname="backend.tests.test_file_upload_url_crawl.TestFileUpload" name="test_upload_markdown_file" time="0.131" /><testcase classname="backend.tests.test_file_upload_url_crawl.TestURLCrawling" name="test_crawl_valid_html_url" time="0.336" /><testcase classname="backend.tests.test_file_upload_url_crawl.TestURLCrawling" name="test_crawl_json_url" time="2.876" /><testcase classname="backend.tests.test_file_upload_url_crawl.TestURLCrawling" name="test_crawl_invalid_url_error_handling" time="0.219" /><testcase classname="backend.tests.test_file_upload_url_crawl.TestURLCrawling" name="test_crawl_empty_url_returns_400" time="0.140" /><testcase classname="backend.tests.test_file_upload_url_crawl.TestURLCrawling" name="test_crawl_missing_url_returns_400" time="0.132" /><testcase classname="backend.tests.test_file_upload_url_crawl.TestURLCrawling" name="test_crawl_url_without_protocol" time="0.525" /><testcase classname="backend.tests.test_file_upload_url_crawl.TestURLCrawling" name="test_crawl_url_returns_size" time="0.287" /><testcase classname="backend.tests.test_file_upload_url_crawl.TestUploadEdgeCases" name="test_upload_empty_file" time="0.136" /><testcase classname="backend.tests.test_file_upload_url_crawl.TestUploadEdgeCases" name="test_upload_returns_ext" time="0.128" /><testcase classname="backend.tests.test_file_upload_url_crawl.TestUploadEdgeCases" name="test_upload_returns_size_kb" time="0.145" /></testsuite></testsuites>